The system is: Linux - 5.0.8-arch1-1-ARCH - x86_64
Compiling the C compiler identification source file "CMakeCCompilerId.c" succeeded.
Compiler: /usr/lib/hardening-wrapper/bin/cc 
Build flags: 
Id flags:  

The output was:
0


Compilation of the C compiler identification source "CMakeCCompilerId.c" produced "a.out"

The C compiler identification is GNU, found in "/home/zyuiop/CLionProjects/ProceduralMapGeneration/cmake-build-debug/CMakeFiles/3.14.3/CompilerIdC/a.out"

Compiling the CXX compiler identification source file "CMakeCXXCompilerId.cpp" succeeded.
Compiler: /usr/lib/hardening-wrapper/bin/c++ 
Build flags: 
Id flags:  

The output was:
0


Compilation of the CXX compiler identification source "CMakeCXXCompilerId.cpp" produced "a.out"

The CXX compiler identification is GNU, found in "/home/zyuiop/CLionProjects/ProceduralMapGeneration/cmake-build-debug/CMakeFiles/3.14.3/CompilerIdCXX/a.out"

Determining if the C compiler works passed with the following output:
Change Dir: /home/zyuiop/CLionProjects/ProceduralMapGeneration/cmake-build-debug/CMakeFiles/CMakeTmp

Run Build Command(s):/bin/make cmTC_30ae8/fast 
/bin/make -f CMakeFiles/cmTC_30ae8.dir/build.make CMakeFiles/cmTC_30ae8.dir/build
make[1] : on entre dans le répertoire « /home/zyuiop/CLionProjects/ProceduralMapGeneration/cmake-build-debug/CMakeFiles/CMakeTmp »
Building C object CMakeFiles/cmTC_30ae8.dir/testCCompiler.c.o
/usr/lib/hardening-wrapper/bin/cc    -o CMakeFiles/cmTC_30ae8.dir/testCCompiler.c.o   -c /home/zyuiop/CLionProjects/ProceduralMapGeneration/cmake-build-debug/CMakeFiles/CMakeTmp/testCCompiler.c
Linking C executable cmTC_30ae8
/home/zyuiop/.local/share/JetBrains/Toolbox/apps/CLion/ch-0/191.7141.37/bin/cmake/linux/bin/cmake -E cmake_link_script CMakeFiles/cmTC_30ae8.dir/link.txt --verbose=1
/usr/lib/hardening-wrapper/bin/cc      -rdynamic CMakeFiles/cmTC_30ae8.dir/testCCompiler.c.o  -o cmTC_30ae8 
make[1] : on quitte le répertoire « /home/zyuiop/CLionProjects/ProceduralMapGeneration/cmake-build-debug/CMakeFiles/CMakeTmp »


Detecting C compiler ABI info compiled with the following output:
Change Dir: /home/zyuiop/CLionProjects/ProceduralMapGeneration/cmake-build-debug/CMakeFiles/CMakeTmp

Run Build Command(s):/bin/make cmTC_f3710/fast 
/bin/make -f CMakeFiles/cmTC_f3710.dir/build.make CMakeFiles/cmTC_f3710.dir/build
make[1]: Entering directory '/home/zyuiop/CLionProjects/ProceduralMapGeneration/cmake-build-debug/CMakeFiles/CMakeTmp'
Building C object CMakeFiles/cmTC_f3710.dir/CMakeCCompilerABI.c.o
/usr/lib/hardening-wrapper/bin/cc   -v -o CMakeFiles/cmTC_f3710.dir/CMakeCCompilerABI.c.o   -c /home/zyuiop/.local/share/JetBrains/Toolbox/apps/CLion/ch-0/191.7141.37/bin/cmake/linux/share/cmake-3.14/Modules/CMakeCCompilerABI.c
Using built-in specs.
COLLECT_GCC=/bin/cc
Target: x86_64-pc-linux-gnu
Configured with: /build/gcc/src/gcc/configure --prefix=/usr --libdir=/usr/lib --libexecdir=/usr/lib --mandir=/usr/share/man --infodir=/usr/share/info --with-bugurl=https://bugs.archlinux.org/ --enable-languages=c,c++,ada,fortran,go,lto,objc,obj-c++ --enable-shared --enable-threads=posix --enable-libmpx --with-system-zlib --with-isl --enable-__cxa_atexit --disable-libunwind-exceptions --enable-clocale=gnu --disable-libstdcxx-pch --disable-libssp --enable-gnu-unique-object --enable-linker-build-id --enable-lto --enable-plugin --enable-install-libiberty --with-linker-hash-style=gnu --enable-gnu-indirect-function --enable-multilib --disable-werror --enable-checking=release --enable-default-pie --enable-default-ssp --enable-cet=auto
Thread model: posix
gcc version 8.3.0 (GCC) 
COLLECT_GCC_OPTIONS='-B' '/usr/lib/hardening-wrapper/bin' '-fPIE' '-fstack-check=specific' '-fstack-protector-strong' '-v' '-o' 'CMakeFiles/cmTC_f3710.dir/CMakeCCompilerABI.c.o' '-c' '-mtune=generic' '-march=x86-64'
 /usr/lib/gcc/x86_64-pc-linux-gnu/8.3.0/cc1 -quiet -v /home/zyuiop/.local/share/JetBrains/Toolbox/apps/CLion/ch-0/191.7141.37/bin/cmake/linux/share/cmake-3.14/Modules/CMakeCCompilerABI.c -quiet -dumpbase CMakeCCompilerABI.c -mtune=generic -march=x86-64 -auxbase-strip CMakeFiles/cmTC_f3710.dir/CMakeCCompilerABI.c.o -version -fPIE -fstack-check=specific -fstack-protector-strong -o /tmp/cclYP1Wd.s
GNU C17 (GCC) version 8.3.0 (x86_64-pc-linux-gnu)
	compiled by GNU C version 8.3.0, GMP version 6.1.2, MPFR version 4.0.2, MPC version 1.1.0, isl version isl-0.21-GMP

GGC heuristics: --param ggc-min-expand=100 --param ggc-min-heapsize=131072
ignoring nonexistent directory "/usr/lib/gcc/x86_64-pc-linux-gnu/8.3.0/../../../../x86_64-pc-linux-gnu/include"
#include "..." search starts here:
#include <...> search starts here:
 /usr/lib/gcc/x86_64-pc-linux-gnu/8.3.0/include
 /usr/local/include
 /usr/lib/gcc/x86_64-pc-linux-gnu/8.3.0/include-fixed
 /usr/include
End of search list.
GNU C17 (GCC) version 8.3.0 (x86_64-pc-linux-gnu)
	compiled by GNU C version 8.3.0, GMP version 6.1.2, MPFR version 4.0.2, MPC version 1.1.0, isl version isl-0.21-GMP

GGC heuristics: --param ggc-min-expand=100 --param ggc-min-heapsize=131072
Compiler executable checksum: 2df020f26a3ff9f6612e9e917dc9b5b6
COLLECT_GCC_OPTIONS='-B' '/usr/lib/hardening-wrapper/bin' '-fPIE' '-fstack-check=specific' '-fstack-protector-strong' '-v' '-o' 'CMakeFiles/cmTC_f3710.dir/CMakeCCompilerABI.c.o' '-c' '-mtune=generic' '-march=x86-64'
 as -v --64 -o CMakeFiles/cmTC_f3710.dir/CMakeCCompilerABI.c.o /tmp/cclYP1Wd.s
GNU assembler version 2.32 (x86_64-pc-linux-gnu) using BFD version (GNU Binutils) 2.32
COMPILER_PATH=/usr/lib/hardening-wrapper/bin/:/usr/lib/gcc/x86_64-pc-linux-gnu/8.3.0/:/usr/lib/gcc/x86_64-pc-linux-gnu/8.3.0/:/usr/lib/gcc/x86_64-pc-linux-gnu/:/usr/lib/gcc/x86_64-pc-linux-gnu/8.3.0/:/usr/lib/gcc/x86_64-pc-linux-gnu/
LIBRARY_PATH=/usr/lib/hardening-wrapper/bin/:/usr/lib/gcc/x86_64-pc-linux-gnu/8.3.0/:/usr/lib/gcc/x86_64-pc-linux-gnu/8.3.0/../../../../lib/:/lib/../lib/:/usr/lib/../lib/:/usr/lib/gcc/x86_64-pc-linux-gnu/8.3.0/../../../:/lib/:/usr/lib/
COLLECT_GCC_OPTIONS='-B' '/usr/lib/hardening-wrapper/bin' '-fPIE' '-fstack-check=specific' '-fstack-protector-strong' '-v' '-o' 'CMakeFiles/cmTC_f3710.dir/CMakeCCompilerABI.c.o' '-c' '-mtune=generic' '-march=x86-64'
Linking C executable cmTC_f3710
/home/zyuiop/.local/share/JetBrains/Toolbox/apps/CLion/ch-0/191.7141.37/bin/cmake/linux/bin/cmake -E cmake_link_script CMakeFiles/cmTC_f3710.dir/link.txt --verbose=1
/usr/lib/hardening-wrapper/bin/cc     -v -rdynamic CMakeFiles/cmTC_f3710.dir/CMakeCCompilerABI.c.o  -o cmTC_f3710 
Using built-in specs.
COLLECT_GCC=/bin/cc
COLLECT_LTO_WRAPPER=/usr/lib/gcc/x86_64-pc-linux-gnu/8.3.0/lto-wrapper
Target: x86_64-pc-linux-gnu
Configured with: /build/gcc/src/gcc/configure --prefix=/usr --libdir=/usr/lib --libexecdir=/usr/lib --mandir=/usr/share/man --infodir=/usr/share/info --with-bugurl=https://bugs.archlinux.org/ --enable-languages=c,c++,ada,fortran,go,lto,objc,obj-c++ --enable-shared --enable-threads=posix --enable-libmpx --with-system-zlib --with-isl --enable-__cxa_atexit --disable-libunwind-exceptions --enable-clocale=gnu --disable-libstdcxx-pch --disable-libssp --enable-gnu-unique-object --enable-linker-build-id --enable-lto --enable-plugin --enable-install-libiberty --with-linker-hash-style=gnu --enable-gnu-indirect-function --enable-multilib --disable-werror --enable-checking=release --enable-default-pie --enable-default-ssp --enable-cet=auto
Thread model: posix
gcc version 8.3.0 (GCC) 
COMPILER_PATH=/usr/lib/hardening-wrapper/bin/:/usr/lib/gcc/x86_64-pc-linux-gnu/8.3.0/:/usr/lib/gcc/x86_64-pc-linux-gnu/8.3.0/:/usr/lib/gcc/x86_64-pc-linux-gnu/:/usr/lib/gcc/x86_64-pc-linux-gnu/8.3.0/:/usr/lib/gcc/x86_64-pc-linux-gnu/
LIBRARY_PATH=/usr/lib/hardening-wrapper/bin/:/usr/lib/gcc/x86_64-pc-linux-gnu/8.3.0/:/usr/lib/gcc/x86_64-pc-linux-gnu/8.3.0/../../../../lib/:/lib/../lib/:/usr/lib/../lib/:/usr/lib/gcc/x86_64-pc-linux-gnu/8.3.0/../../../:/lib/:/usr/lib/
COLLECT_GCC_OPTIONS='-B' '/usr/lib/hardening-wrapper/bin' '-fPIE' '-pie' '-fstack-check=specific' '-fstack-protector-strong' '-v' '-rdynamic' '-o' 'cmTC_f3710' '-mtune=generic' '-march=x86-64'
 /usr/lib/gcc/x86_64-pc-linux-gnu/8.3.0/collect2 -plugin /usr/lib/gcc/x86_64-pc-linux-gnu/8.3.0/liblto_plugin.so -plugin-opt=/usr/lib/gcc/x86_64-pc-linux-gnu/8.3.0/lto-wrapper -plugin-opt=-fresolution=/tmp/cc5RQ1ji.res -plugin-opt=-pass-through=-lgcc -plugin-opt=-pass-through=-lgcc_s -plugin-opt=-pass-through=-lc -plugin-opt=-pass-through=-lgcc -plugin-opt=-pass-through=-lgcc_s --build-id --eh-frame-hdr --hash-style=gnu -m elf_x86_64 -export-dynamic -dynamic-linker /lib64/ld-linux-x86-64.so.2 -pie -o cmTC_f3710 /usr/lib/gcc/x86_64-pc-linux-gnu/8.3.0/../../../../lib/Scrt1.o /usr/lib/gcc/x86_64-pc-linux-gnu/8.3.0/../../../../lib/crti.o /usr/lib/gcc/x86_64-pc-linux-gnu/8.3.0/crtbeginS.o -L/usr/lib/hardening-wrapper/bin -L/usr/lib/gcc/x86_64-pc-linux-gnu/8.3.0 -L/usr/lib/gcc/x86_64-pc-linux-gnu/8.3.0/../../../../lib -L/lib/../lib -L/usr/lib/../lib -L/usr/lib/gcc/x86_64-pc-linux-gnu/8.3.0/../../.. CMakeFiles/cmTC_f3710.dir/CMakeCCompilerABI.c.o -lgcc --as-needed -lgcc_s --no-as-needed -lc -lgcc --as-needed -lgcc_s --no-as-needed /usr/lib/gcc/x86_64-pc-linux-gnu/8.3.0/crtendS.o /usr/lib/gcc/x86_64-pc-linux-gnu/8.3.0/../../../../lib/crtn.o
COLLECT_GCC_OPTIONS='-B' '/usr/lib/hardening-wrapper/bin' '-fPIE' '-pie' '-fstack-check=specific' '-fstack-protector-strong' '-v' '-rdynamic' '-o' 'cmTC_f3710' '-mtune=generic' '-march=x86-64'
make[1]: Leaving directory '/home/zyuiop/CLionProjects/ProceduralMapGeneration/cmake-build-debug/CMakeFiles/CMakeTmp'


Parsed C implicit include dir info from above output: rv=done
  found start of include info
  found start of implicit include info
    add: [/usr/lib/gcc/x86_64-pc-linux-gnu/8.3.0/include]
    add: [/usr/local/include]
    add: [/usr/lib/gcc/x86_64-pc-linux-gnu/8.3.0/include-fixed]
    add: [/usr/include]
  end of search list found
  collapse include dir [/usr/lib/gcc/x86_64-pc-linux-gnu/8.3.0/include] ==> [/usr/lib/gcc/x86_64-pc-linux-gnu/8.3.0/include]
  collapse include dir [/usr/local/include] ==> [/usr/local/include]
  collapse include dir [/usr/lib/gcc/x86_64-pc-linux-gnu/8.3.0/include-fixed] ==> [/usr/lib/gcc/x86_64-pc-linux-gnu/8.3.0/include-fixed]
  collapse include dir [/usr/include] ==> [/usr/include]
  implicit include dirs: [/usr/lib/gcc/x86_64-pc-linux-gnu/8.3.0/include;/usr/local/include;/usr/lib/gcc/x86_64-pc-linux-gnu/8.3.0/include-fixed;/usr/include]


Parsed C implicit link information from above output:
  link line regex: [^( *|.*[/\])(ld|CMAKE_LINK_STARTFILE-NOTFOUND|([^/\]+-)?ld|collect2)[^/\]*( |$)]
  ignore line: [Change Dir: /home/zyuiop/CLionProjects/ProceduralMapGeneration/cmake-build-debug/CMakeFiles/CMakeTmp]
  ignore line: []
  ignore line: [Run Build Command(s):/bin/make cmTC_f3710/fast ]
  ignore line: [/bin/make -f CMakeFiles/cmTC_f3710.dir/build.make CMakeFiles/cmTC_f3710.dir/build]
  ignore line: [make[1]: Entering directory '/home/zyuiop/CLionProjects/ProceduralMapGeneration/cmake-build-debug/CMakeFiles/CMakeTmp']
  ignore line: [Building C object CMakeFiles/cmTC_f3710.dir/CMakeCCompilerABI.c.o]
  ignore line: [/usr/lib/hardening-wrapper/bin/cc   -v -o CMakeFiles/cmTC_f3710.dir/CMakeCCompilerABI.c.o   -c /home/zyuiop/.local/share/JetBrains/Toolbox/apps/CLion/ch-0/191.7141.37/bin/cmake/linux/share/cmake-3.14/Modules/CMakeCCompilerABI.c]
  ignore line: [Using built-in specs.]
  ignore line: [COLLECT_GCC=/bin/cc]
  ignore line: [Target: x86_64-pc-linux-gnu]
  ignore line: [Configured with: /build/gcc/src/gcc/configure --prefix=/usr --libdir=/usr/lib --libexecdir=/usr/lib --mandir=/usr/share/man --infodir=/usr/share/info --with-bugurl=https://bugs.archlinux.org/ --enable-languages=c,c++,ada,fortran,go,lto,objc,obj-c++ --enable-shared --enable-threads=posix --enable-libmpx --with-system-zlib --with-isl --enable-__cxa_atexit --disable-libunwind-exceptions --enable-clocale=gnu --disable-libstdcxx-pch --disable-libssp --enable-gnu-unique-object --enable-linker-build-id --enable-lto --enable-plugin --enable-install-libiberty --with-linker-hash-style=gnu --enable-gnu-indirect-function --enable-multilib --disable-werror --enable-checking=release --enable-default-pie --enable-default-ssp --enable-cet=auto]
  ignore line: [Thread model: posix]
  ignore line: [gcc version 8.3.0 (GCC) ]
  ignore line: [COLLECT_GCC_OPTIONS='-B' '/usr/lib/hardening-wrapper/bin' '-fPIE' '-fstack-check=specific' '-fstack-protector-strong' '-v' '-o' 'CMakeFiles/cmTC_f3710.dir/CMakeCCompilerABI.c.o' '-c' '-mtune=generic' '-march=x86-64']
  ignore line: [ /usr/lib/gcc/x86_64-pc-linux-gnu/8.3.0/cc1 -quiet -v /home/zyuiop/.local/share/JetBrains/Toolbox/apps/CLion/ch-0/191.7141.37/bin/cmake/linux/share/cmake-3.14/Modules/CMakeCCompilerABI.c -quiet -dumpbase CMakeCCompilerABI.c -mtune=generic -march=x86-64 -auxbase-strip CMakeFiles/cmTC_f3710.dir/CMakeCCompilerABI.c.o -version -fPIE -fstack-check=specific -fstack-protector-strong -o /tmp/cclYP1Wd.s]
  ignore line: [GNU C17 (GCC) version 8.3.0 (x86_64-pc-linux-gnu)]
  ignore line: [	compiled by GNU C version 8.3.0, GMP version 6.1.2, MPFR version 4.0.2, MPC version 1.1.0, isl version isl-0.21-GMP]
  ignore line: []
  ignore line: [GGC heuristics: --param ggc-min-expand=100 --param ggc-min-heapsize=131072]
  ignore line: [ignoring nonexistent directory "/usr/lib/gcc/x86_64-pc-linux-gnu/8.3.0/../../../../x86_64-pc-linux-gnu/include"]
  ignore line: [#include "..." search starts here:]
  ignore line: [#include <...> search starts here:]
  ignore line: [ /usr/lib/gcc/x86_64-pc-linux-gnu/8.3.0/include]
  ignore line: [ /usr/local/include]
  ignore line: [ /usr/lib/gcc/x86_64-pc-linux-gnu/8.3.0/include-fixed]
  ignore line: [ /usr/include]
  ignore line: [End of search list.]
  ignore line: [GNU C17 (GCC) version 8.3.0 (x86_64-pc-linux-gnu)]
  ignore line: [	compiled by GNU C version 8.3.0, GMP version 6.1.2, MPFR version 4.0.2, MPC version 1.1.0, isl version isl-0.21-GMP]
  ignore line: []
  ignore line: [GGC heuristics: --param ggc-min-expand=100 --param ggc-min-heapsize=131072]
  ignore line: [Compiler executable checksum: 2df020f26a3ff9f6612e9e917dc9b5b6]
  ignore line: [COLLECT_GCC_OPTIONS='-B' '/usr/lib/hardening-wrapper/bin' '-fPIE' '-fstack-check=specific' '-fstack-protector-strong' '-v' '-o' 'CMakeFiles/cmTC_f3710.dir/CMakeCCompilerABI.c.o' '-c' '-mtune=generic' '-march=x86-64']
  ignore line: [ as -v --64 -o CMakeFiles/cmTC_f3710.dir/CMakeCCompilerABI.c.o /tmp/cclYP1Wd.s]
  ignore line: [GNU assembler version 2.32 (x86_64-pc-linux-gnu) using BFD version (GNU Binutils) 2.32]
  ignore line: [COMPILER_PATH=/usr/lib/hardening-wrapper/bin/:/usr/lib/gcc/x86_64-pc-linux-gnu/8.3.0/:/usr/lib/gcc/x86_64-pc-linux-gnu/8.3.0/:/usr/lib/gcc/x86_64-pc-linux-gnu/:/usr/lib/gcc/x86_64-pc-linux-gnu/8.3.0/:/usr/lib/gcc/x86_64-pc-linux-gnu/]
  ignore line: [LIBRARY_PATH=/usr/lib/hardening-wrapper/bin/:/usr/lib/gcc/x86_64-pc-linux-gnu/8.3.0/:/usr/lib/gcc/x86_64-pc-linux-gnu/8.3.0/../../../../lib/:/lib/../lib/:/usr/lib/../lib/:/usr/lib/gcc/x86_64-pc-linux-gnu/8.3.0/../../../:/lib/:/usr/lib/]
  ignore line: [COLLECT_GCC_OPTIONS='-B' '/usr/lib/hardening-wrapper/bin' '-fPIE' '-fstack-check=specific' '-fstack-protector-strong' '-v' '-o' 'CMakeFiles/cmTC_f3710.dir/CMakeCCompilerABI.c.o' '-c' '-mtune=generic' '-march=x86-64']
  ignore line: [Linking C executable cmTC_f3710]
  ignore line: [/home/zyuiop/.local/share/JetBrains/Toolbox/apps/CLion/ch-0/191.7141.37/bin/cmake/linux/bin/cmake -E cmake_link_script CMakeFiles/cmTC_f3710.dir/link.txt --verbose=1]
  ignore line: [/usr/lib/hardening-wrapper/bin/cc     -v -rdynamic CMakeFiles/cmTC_f3710.dir/CMakeCCompilerABI.c.o  -o cmTC_f3710 ]
  ignore line: [Using built-in specs.]
  ignore line: [COLLECT_GCC=/bin/cc]
  ignore line: [COLLECT_LTO_WRAPPER=/usr/lib/gcc/x86_64-pc-linux-gnu/8.3.0/lto-wrapper]
  ignore line: [Target: x86_64-pc-linux-gnu]
  ignore line: [Configured with: /build/gcc/src/gcc/configure --prefix=/usr --libdir=/usr/lib --libexecdir=/usr/lib --mandir=/usr/share/man --infodir=/usr/share/info --with-bugurl=https://bugs.archlinux.org/ --enable-languages=c,c++,ada,fortran,go,lto,objc,obj-c++ --enable-shared --enable-threads=posix --enable-libmpx --with-system-zlib --with-isl --enable-__cxa_atexit --disable-libunwind-exceptions --enable-clocale=gnu --disable-libstdcxx-pch --disable-libssp --enable-gnu-unique-object --enable-linker-build-id --enable-lto --enable-plugin --enable-install-libiberty --with-linker-hash-style=gnu --enable-gnu-indirect-function --enable-multilib --disable-werror --enable-checking=release --enable-default-pie --enable-default-ssp --enable-cet=auto]
  ignore line: [Thread model: posix]
  ignore line: [gcc version 8.3.0 (GCC) ]
  ignore line: [COMPILER_PATH=/usr/lib/hardening-wrapper/bin/:/usr/lib/gcc/x86_64-pc-linux-gnu/8.3.0/:/usr/lib/gcc/x86_64-pc-linux-gnu/8.3.0/:/usr/lib/gcc/x86_64-pc-linux-gnu/:/usr/lib/gcc/x86_64-pc-linux-gnu/8.3.0/:/usr/lib/gcc/x86_64-pc-linux-gnu/]
  ignore line: [LIBRARY_PATH=/usr/lib/hardening-wrapper/bin/:/usr/lib/gcc/x86_64-pc-linux-gnu/8.3.0/:/usr/lib/gcc/x86_64-pc-linux-gnu/8.3.0/../../../../lib/:/lib/../lib/:/usr/lib/../lib/:/usr/lib/gcc/x86_64-pc-linux-gnu/8.3.0/../../../:/lib/:/usr/lib/]
  ignore line: [COLLECT_GCC_OPTIONS='-B' '/usr/lib/hardening-wrapper/bin' '-fPIE' '-pie' '-fstack-check=specific' '-fstack-protector-strong' '-v' '-rdynamic' '-o' 'cmTC_f3710' '-mtune=generic' '-march=x86-64']
  link line: [ /usr/lib/gcc/x86_64-pc-linux-gnu/8.3.0/collect2 -plugin /usr/lib/gcc/x86_64-pc-linux-gnu/8.3.0/liblto_plugin.so -plugin-opt=/usr/lib/gcc/x86_64-pc-linux-gnu/8.3.0/lto-wrapper -plugin-opt=-fresolution=/tmp/cc5RQ1ji.res -plugin-opt=-pass-through=-lgcc -plugin-opt=-pass-through=-lgcc_s -plugin-opt=-pass-through=-lc -plugin-opt=-pass-through=-lgcc -plugin-opt=-pass-through=-lgcc_s --build-id --eh-frame-hdr --hash-style=gnu -m elf_x86_64 -export-dynamic -dynamic-linker /lib64/ld-linux-x86-64.so.2 -pie -o cmTC_f3710 /usr/lib/gcc/x86_64-pc-linux-gnu/8.3.0/../../../../lib/Scrt1.o /usr/lib/gcc/x86_64-pc-linux-gnu/8.3.0/../../../../lib/crti.o /usr/lib/gcc/x86_64-pc-linux-gnu/8.3.0/crtbeginS.o -L/usr/lib/hardening-wrapper/bin -L/usr/lib/gcc/x86_64-pc-linux-gnu/8.3.0 -L/usr/lib/gcc/x86_64-pc-linux-gnu/8.3.0/../../../../lib -L/lib/../lib -L/usr/lib/../lib -L/usr/lib/gcc/x86_64-pc-linux-gnu/8.3.0/../../.. CMakeFiles/cmTC_f3710.dir/CMakeCCompilerABI.c.o -lgcc --as-needed -lgcc_s --no-as-needed -lc -lgcc --as-needed -lgcc_s --no-as-needed /usr/lib/gcc/x86_64-pc-linux-gnu/8.3.0/crtendS.o /usr/lib/gcc/x86_64-pc-linux-gnu/8.3.0/../../../../lib/crtn.o]
    arg [/usr/lib/gcc/x86_64-pc-linux-gnu/8.3.0/collect2] ==> ignore
    arg [-plugin] ==> ignore
    arg [/usr/lib/gcc/x86_64-pc-linux-gnu/8.3.0/liblto_plugin.so] ==> ignore
    arg [-plugin-opt=/usr/lib/gcc/x86_64-pc-linux-gnu/8.3.0/lto-wrapper] ==> ignore
    arg [-plugin-opt=-fresolution=/tmp/cc5RQ1ji.res] ==> ignore
    arg [-plugin-opt=-pass-through=-lgcc] ==> ignore
    arg [-plugin-opt=-pass-through=-lgcc_s] ==> ignore
    arg [-plugin-opt=-pass-through=-lc] ==> ignore
    arg [-plugin-opt=-pass-through=-lgcc] ==> ignore
    arg [-plugin-opt=-pass-through=-lgcc_s] ==> ignore
    arg [--build-id] ==> ignore
    arg [--eh-frame-hdr] ==> ignore
    arg [--hash-style=gnu] ==> ignore
    arg [-m] ==> ignore
    arg [elf_x86_64] ==> ignore
    arg [-export-dynamic] ==> ignore
    arg [-dynamic-linker] ==> ignore
    arg [/lib64/ld-linux-x86-64.so.2] ==> ignore
    arg [-pie] ==> ignore
    arg [-o] ==> ignore
    arg [cmTC_f3710] ==> ignore
    arg [/usr/lib/gcc/x86_64-pc-linux-gnu/8.3.0/../../../../lib/Scrt1.o] ==> ignore
    arg [/usr/lib/gcc/x86_64-pc-linux-gnu/8.3.0/../../../../lib/crti.o] ==> ignore
    arg [/usr/lib/gcc/x86_64-pc-linux-gnu/8.3.0/crtbeginS.o] ==> ignore
    arg [-L/usr/lib/hardening-wrapper/bin] ==> dir [/usr/lib/hardening-wrapper/bin]
    arg [-L/usr/lib/gcc/x86_64-pc-linux-gnu/8.3.0] ==> dir [/usr/lib/gcc/x86_64-pc-linux-gnu/8.3.0]
    arg [-L/usr/lib/gcc/x86_64-pc-linux-gnu/8.3.0/../../../../lib] ==> dir [/usr/lib/gcc/x86_64-pc-linux-gnu/8.3.0/../../../../lib]
    arg [-L/lib/../lib] ==> dir [/lib/../lib]
    arg [-L/usr/lib/../lib] ==> dir [/usr/lib/../lib]
    arg [-L/usr/lib/gcc/x86_64-pc-linux-gnu/8.3.0/../../..] ==> dir [/usr/lib/gcc/x86_64-pc-linux-gnu/8.3.0/../../..]
    arg [CMakeFiles/cmTC_f3710.dir/CMakeCCompilerABI.c.o] ==> ignore
    arg [-lgcc] ==> lib [gcc]
    arg [--as-needed] ==> ignore
    arg [-lgcc_s] ==> lib [gcc_s]
    arg [--no-as-needed] ==> ignore
    arg [-lc] ==> lib [c]
    arg [-lgcc] ==> lib [gcc]
    arg [--as-needed] ==> ignore
    arg [-lgcc_s] ==> lib [gcc_s]
    arg [--no-as-needed] ==> ignore
    arg [/usr/lib/gcc/x86_64-pc-linux-gnu/8.3.0/crtendS.o] ==> ignore
    arg [/usr/lib/gcc/x86_64-pc-linux-gnu/8.3.0/../../../../lib/crtn.o] ==> ignore
  collapse library dir [/usr/lib/hardening-wrapper/bin] ==> [/usr/lib/hardening-wrapper/bin]
  collapse library dir [/usr/lib/gcc/x86_64-pc-linux-gnu/8.3.0] ==> [/usr/lib/gcc/x86_64-pc-linux-gnu/8.3.0]
  collapse library dir [/usr/lib/gcc/x86_64-pc-linux-gnu/8.3.0/../../../../lib] ==> [/usr/lib]
  collapse library dir [/lib/../lib] ==> [/lib]
  collapse library dir [/usr/lib/../lib] ==> [/usr/lib]
  collapse library dir [/usr/lib/gcc/x86_64-pc-linux-gnu/8.3.0/../../..] ==> [/usr/lib]
  implicit libs: [gcc;gcc_s;c;gcc;gcc_s]
  implicit dirs: [/usr/lib/hardening-wrapper/bin;/usr/lib/gcc/x86_64-pc-linux-gnu/8.3.0;/usr/lib;/lib]
  implicit fwks: []




Detecting C [-std=c11] compiler features compiled with the following output:
Change Dir: /home/zyuiop/CLionProjects/ProceduralMapGeneration/cmake-build-debug/CMakeFiles/CMakeTmp

Run Build Command(s):/bin/make cmTC_a5528/fast 
/bin/make -f CMakeFiles/cmTC_a5528.dir/build.make CMakeFiles/cmTC_a5528.dir/build
make[1] : on entre dans le répertoire « /home/zyuiop/CLionProjects/ProceduralMapGeneration/cmake-build-debug/CMakeFiles/CMakeTmp »
Building C object CMakeFiles/cmTC_a5528.dir/feature_tests.c.o
/usr/lib/hardening-wrapper/bin/cc   -std=c11 -o CMakeFiles/cmTC_a5528.dir/feature_tests.c.o   -c /home/zyuiop/CLionProjects/ProceduralMapGeneration/cmake-build-debug/CMakeFiles/feature_tests.c
Linking C executable cmTC_a5528
/home/zyuiop/.local/share/JetBrains/Toolbox/apps/CLion/ch-0/191.7141.37/bin/cmake/linux/bin/cmake -E cmake_link_script CMakeFiles/cmTC_a5528.dir/link.txt --verbose=1
/usr/lib/hardening-wrapper/bin/cc      -rdynamic CMakeFiles/cmTC_a5528.dir/feature_tests.c.o  -o cmTC_a5528 
make[1] : on quitte le répertoire « /home/zyuiop/CLionProjects/ProceduralMapGeneration/cmake-build-debug/CMakeFiles/CMakeTmp »


    Feature record: C_FEATURE:1c_function_prototypes
    Feature record: C_FEATURE:1c_restrict
    Feature record: C_FEATURE:1c_static_assert
    Feature record: C_FEATURE:1c_variadic_macros


Detecting C [-std=c99] compiler features compiled with the following output:
Change Dir: /home/zyuiop/CLionProjects/ProceduralMapGeneration/cmake-build-debug/CMakeFiles/CMakeTmp

Run Build Command(s):/bin/make cmTC_d0e78/fast 
/bin/make -f CMakeFiles/cmTC_d0e78.dir/build.make CMakeFiles/cmTC_d0e78.dir/build
make[1] : on entre dans le répertoire « /home/zyuiop/CLionProjects/ProceduralMapGeneration/cmake-build-debug/CMakeFiles/CMakeTmp »
Building C object CMakeFiles/cmTC_d0e78.dir/feature_tests.c.o
/usr/lib/hardening-wrapper/bin/cc   -std=c99 -o CMakeFiles/cmTC_d0e78.dir/feature_tests.c.o   -c /home/zyuiop/CLionProjects/ProceduralMapGeneration/cmake-build-debug/CMakeFiles/feature_tests.c
Linking C executable cmTC_d0e78
/home/zyuiop/.local/share/JetBrains/Toolbox/apps/CLion/ch-0/191.7141.37/bin/cmake/linux/bin/cmake -E cmake_link_script CMakeFiles/cmTC_d0e78.dir/link.txt --verbose=1
/usr/lib/hardening-wrapper/bin/cc      -rdynamic CMakeFiles/cmTC_d0e78.dir/feature_tests.c.o  -o cmTC_d0e78 
make[1] : on quitte le répertoire « /home/zyuiop/CLionProjects/ProceduralMapGeneration/cmake-build-debug/CMakeFiles/CMakeTmp »


    Feature record: C_FEATURE:1c_function_prototypes
    Feature record: C_FEATURE:1c_restrict
    Feature record: C_FEATURE:0c_static_assert
    Feature record: C_FEATURE:1c_variadic_macros


Detecting C [-std=c90] compiler features compiled with the following output:
Change Dir: /home/zyuiop/CLionProjects/ProceduralMapGeneration/cmake-build-debug/CMakeFiles/CMakeTmp

Run Build Command(s):/bin/make cmTC_26b76/fast 
/bin/make -f CMakeFiles/cmTC_26b76.dir/build.make CMakeFiles/cmTC_26b76.dir/build
make[1] : on entre dans le répertoire « /home/zyuiop/CLionProjects/ProceduralMapGeneration/cmake-build-debug/CMakeFiles/CMakeTmp »
Building C object CMakeFiles/cmTC_26b76.dir/feature_tests.c.o
/usr/lib/hardening-wrapper/bin/cc   -std=c90 -o CMakeFiles/cmTC_26b76.dir/feature_tests.c.o   -c /home/zyuiop/CLionProjects/ProceduralMapGeneration/cmake-build-debug/CMakeFiles/feature_tests.c
Linking C executable cmTC_26b76
/home/zyuiop/.local/share/JetBrains/Toolbox/apps/CLion/ch-0/191.7141.37/bin/cmake/linux/bin/cmake -E cmake_link_script CMakeFiles/cmTC_26b76.dir/link.txt --verbose=1
/usr/lib/hardening-wrapper/bin/cc      -rdynamic CMakeFiles/cmTC_26b76.dir/feature_tests.c.o  -o cmTC_26b76 
make[1] : on quitte le répertoire « /home/zyuiop/CLionProjects/ProceduralMapGeneration/cmake-build-debug/CMakeFiles/CMakeTmp »


    Feature record: C_FEATURE:1c_function_prototypes
    Feature record: C_FEATURE:0c_restrict
    Feature record: C_FEATURE:0c_static_assert
    Feature record: C_FEATURE:0c_variadic_macros
Determining if the CXX compiler works passed with the following output:
Change Dir: /home/zyuiop/CLionProjects/ProceduralMapGeneration/cmake-build-debug/CMakeFiles/CMakeTmp

Run Build Command(s):/bin/make cmTC_673d0/fast 
/bin/make -f CMakeFiles/cmTC_673d0.dir/build.make CMakeFiles/cmTC_673d0.dir/build
make[1] : on entre dans le répertoire « /home/zyuiop/CLionProjects/ProceduralMapGeneration/cmake-build-debug/CMakeFiles/CMakeTmp »
Building CXX object CMakeFiles/cmTC_673d0.dir/testCXXCompiler.cxx.o
/usr/lib/hardening-wrapper/bin/c++     -o CMakeFiles/cmTC_673d0.dir/testCXXCompiler.cxx.o -c /home/zyuiop/CLionProjects/ProceduralMapGeneration/cmake-build-debug/CMakeFiles/CMakeTmp/testCXXCompiler.cxx
Linking CXX executable cmTC_673d0
/home/zyuiop/.local/share/JetBrains/Toolbox/apps/CLion/ch-0/191.7141.37/bin/cmake/linux/bin/cmake -E cmake_link_script CMakeFiles/cmTC_673d0.dir/link.txt --verbose=1
/usr/lib/hardening-wrapper/bin/c++       -rdynamic CMakeFiles/cmTC_673d0.dir/testCXXCompiler.cxx.o  -o cmTC_673d0 
make[1] : on quitte le répertoire « /home/zyuiop/CLionProjects/ProceduralMapGeneration/cmake-build-debug/CMakeFiles/CMakeTmp »


Detecting CXX compiler ABI info compiled with the following output:
Change Dir: /home/zyuiop/CLionProjects/ProceduralMapGeneration/cmake-build-debug/CMakeFiles/CMakeTmp

Run Build Command(s):/bin/make cmTC_0f89c/fast 
/bin/make -f CMakeFiles/cmTC_0f89c.dir/build.make CMakeFiles/cmTC_0f89c.dir/build
make[1]: Entering directory '/home/zyuiop/CLionProjects/ProceduralMapGeneration/cmake-build-debug/CMakeFiles/CMakeTmp'
Building CXX object CMakeFiles/cmTC_0f89c.dir/CMakeCXXCompilerABI.cpp.o
/usr/lib/hardening-wrapper/bin/c++    -v -o CMakeFiles/cmTC_0f89c.dir/CMakeCXXCompilerABI.cpp.o -c /home/zyuiop/.local/share/JetBrains/Toolbox/apps/CLion/ch-0/191.7141.37/bin/cmake/linux/share/cmake-3.14/Modules/CMakeCXXCompilerABI.cpp
Using built-in specs.
COLLECT_GCC=/bin/c++
Target: x86_64-pc-linux-gnu
Configured with: /build/gcc/src/gcc/configure --prefix=/usr --libdir=/usr/lib --libexecdir=/usr/lib --mandir=/usr/share/man --infodir=/usr/share/info --with-bugurl=https://bugs.archlinux.org/ --enable-languages=c,c++,ada,fortran,go,lto,objc,obj-c++ --enable-shared --enable-threads=posix --enable-libmpx --with-system-zlib --with-isl --enable-__cxa_atexit --disable-libunwind-exceptions --enable-clocale=gnu --disable-libstdcxx-pch --disable-libssp --enable-gnu-unique-object --enable-linker-build-id --enable-lto --enable-plugin --enable-install-libiberty --with-linker-hash-style=gnu --enable-gnu-indirect-function --enable-multilib --disable-werror --enable-checking=release --enable-default-pie --enable-default-ssp --enable-cet=auto
Thread model: posix
gcc version 8.3.0 (GCC) 
COLLECT_GCC_OPTIONS='-B' '/usr/lib/hardening-wrapper/bin' '-fPIE' '-fstack-check=specific' '-fstack-protector-strong' '-v' '-o' 'CMakeFiles/cmTC_0f89c.dir/CMakeCXXCompilerABI.cpp.o' '-c' '-shared-libgcc' '-mtune=generic' '-march=x86-64'
 /usr/lib/gcc/x86_64-pc-linux-gnu/8.3.0/cc1plus -quiet -v -D_GNU_SOURCE /home/zyuiop/.local/share/JetBrains/Toolbox/apps/CLion/ch-0/191.7141.37/bin/cmake/linux/share/cmake-3.14/Modules/CMakeCXXCompilerABI.cpp -quiet -dumpbase CMakeCXXCompilerABI.cpp -mtune=generic -march=x86-64 -auxbase-strip CMakeFiles/cmTC_0f89c.dir/CMakeCXXCompilerABI.cpp.o -version -fPIE -fstack-check=specific -fstack-protector-strong -o /tmp/ccnW9PQZ.s
GNU C++14 (GCC) version 8.3.0 (x86_64-pc-linux-gnu)
	compiled by GNU C version 8.3.0, GMP version 6.1.2, MPFR version 4.0.2, MPC version 1.1.0, isl version isl-0.21-GMP

GGC heuristics: --param ggc-min-expand=100 --param ggc-min-heapsize=131072
ignoring nonexistent directory "/usr/lib/gcc/x86_64-pc-linux-gnu/8.3.0/../../../../x86_64-pc-linux-gnu/include"
#include "..." search starts here:
#include <...> search starts here:
 /usr/lib/gcc/x86_64-pc-linux-gnu/8.3.0/../../../../include/c++/8.3.0
 /usr/lib/gcc/x86_64-pc-linux-gnu/8.3.0/../../../../include/c++/8.3.0/x86_64-pc-linux-gnu
 /usr/lib/gcc/x86_64-pc-linux-gnu/8.3.0/../../../../include/c++/8.3.0/backward
 /usr/lib/gcc/x86_64-pc-linux-gnu/8.3.0/include
 /usr/local/include
 /usr/lib/gcc/x86_64-pc-linux-gnu/8.3.0/include-fixed
 /usr/include
End of search list.
GNU C++14 (GCC) version 8.3.0 (x86_64-pc-linux-gnu)
	compiled by GNU C version 8.3.0, GMP version 6.1.2, MPFR version 4.0.2, MPC version 1.1.0, isl version isl-0.21-GMP

GGC heuristics: --param ggc-min-expand=100 --param ggc-min-heapsize=131072
Compiler executable checksum: ed8750e1c68e1b18a3ec7b4c651e9b48
COLLECT_GCC_OPTIONS='-B' '/usr/lib/hardening-wrapper/bin' '-fPIE' '-fstack-check=specific' '-fstack-protector-strong' '-v' '-o' 'CMakeFiles/cmTC_0f89c.dir/CMakeCXXCompilerABI.cpp.o' '-c' '-shared-libgcc' '-mtune=generic' '-march=x86-64'
 as -v --64 -o CMakeFiles/cmTC_0f89c.dir/CMakeCXXCompilerABI.cpp.o /tmp/ccnW9PQZ.s
GNU assembler version 2.32 (x86_64-pc-linux-gnu) using BFD version (GNU Binutils) 2.32
COMPILER_PATH=/usr/lib/hardening-wrapper/bin/:/usr/lib/gcc/x86_64-pc-linux-gnu/8.3.0/:/usr/lib/gcc/x86_64-pc-linux-gnu/8.3.0/:/usr/lib/gcc/x86_64-pc-linux-gnu/:/usr/lib/gcc/x86_64-pc-linux-gnu/8.3.0/:/usr/lib/gcc/x86_64-pc-linux-gnu/
LIBRARY_PATH=/usr/lib/hardening-wrapper/bin/:/usr/lib/gcc/x86_64-pc-linux-gnu/8.3.0/:/usr/lib/gcc/x86_64-pc-linux-gnu/8.3.0/../../../../lib/:/lib/../lib/:/usr/lib/../lib/:/usr/lib/gcc/x86_64-pc-linux-gnu/8.3.0/../../../:/lib/:/usr/lib/
COLLECT_GCC_OPTIONS='-B' '/usr/lib/hardening-wrapper/bin' '-fPIE' '-fstack-check=specific' '-fstack-protector-strong' '-v' '-o' 'CMakeFiles/cmTC_0f89c.dir/CMakeCXXCompilerABI.cpp.o' '-c' '-shared-libgcc' '-mtune=generic' '-march=x86-64'
Linking CXX executable cmTC_0f89c
/home/zyuiop/.local/share/JetBrains/Toolbox/apps/CLion/ch-0/191.7141.37/bin/cmake/linux/bin/cmake -E cmake_link_script CMakeFiles/cmTC_0f89c.dir/link.txt --verbose=1
/usr/lib/hardening-wrapper/bin/c++      -v -rdynamic CMakeFiles/cmTC_0f89c.dir/CMakeCXXCompilerABI.cpp.o  -o cmTC_0f89c 
Using built-in specs.
COLLECT_GCC=/bin/c++
COLLECT_LTO_WRAPPER=/usr/lib/gcc/x86_64-pc-linux-gnu/8.3.0/lto-wrapper
Target: x86_64-pc-linux-gnu
Configured with: /build/gcc/src/gcc/configure --prefix=/usr --libdir=/usr/lib --libexecdir=/usr/lib --mandir=/usr/share/man --infodir=/usr/share/info --with-bugurl=https://bugs.archlinux.org/ --enable-languages=c,c++,ada,fortran,go,lto,objc,obj-c++ --enable-shared --enable-threads=posix --enable-libmpx --with-system-zlib --with-isl --enable-__cxa_atexit --disable-libunwind-exceptions --enable-clocale=gnu --disable-libstdcxx-pch --disable-libssp --enable-gnu-unique-object --enable-linker-build-id --enable-lto --enable-plugin --enable-install-libiberty --with-linker-hash-style=gnu --enable-gnu-indirect-function --enable-multilib --disable-werror --enable-checking=release --enable-default-pie --enable-default-ssp --enable-cet=auto
Thread model: posix
gcc version 8.3.0 (GCC) 
COMPILER_PATH=/usr/lib/hardening-wrapper/bin/:/usr/lib/gcc/x86_64-pc-linux-gnu/8.3.0/:/usr/lib/gcc/x86_64-pc-linux-gnu/8.3.0/:/usr/lib/gcc/x86_64-pc-linux-gnu/:/usr/lib/gcc/x86_64-pc-linux-gnu/8.3.0/:/usr/lib/gcc/x86_64-pc-linux-gnu/
LIBRARY_PATH=/usr/lib/hardening-wrapper/bin/:/usr/lib/gcc/x86_64-pc-linux-gnu/8.3.0/:/usr/lib/gcc/x86_64-pc-linux-gnu/8.3.0/../../../../lib/:/lib/../lib/:/usr/lib/../lib/:/usr/lib/gcc/x86_64-pc-linux-gnu/8.3.0/../../../:/lib/:/usr/lib/
COLLECT_GCC_OPTIONS='-B' '/usr/lib/hardening-wrapper/bin' '-fPIE' '-pie' '-fstack-check=specific' '-fstack-protector-strong' '-v' '-rdynamic' '-o' 'cmTC_0f89c' '-shared-libgcc' '-mtune=generic' '-march=x86-64'
 /usr/lib/gcc/x86_64-pc-linux-gnu/8.3.0/collect2 -plugin /usr/lib/gcc/x86_64-pc-linux-gnu/8.3.0/liblto_plugin.so -plugin-opt=/usr/lib/gcc/x86_64-pc-linux-gnu/8.3.0/lto-wrapper -plugin-opt=-fresolution=/tmp/ccDpdqf6.res -plugin-opt=-pass-through=-lgcc_s -plugin-opt=-pass-through=-lgcc -plugin-opt=-pass-through=-lc -plugin-opt=-pass-through=-lgcc_s -plugin-opt=-pass-through=-lgcc --build-id --eh-frame-hdr --hash-style=gnu -m elf_x86_64 -export-dynamic -dynamic-linker /lib64/ld-linux-x86-64.so.2 -pie -o cmTC_0f89c /usr/lib/gcc/x86_64-pc-linux-gnu/8.3.0/../../../../lib/Scrt1.o /usr/lib/gcc/x86_64-pc-linux-gnu/8.3.0/../../../../lib/crti.o /usr/lib/gcc/x86_64-pc-linux-gnu/8.3.0/crtbeginS.o -L/usr/lib/hardening-wrapper/bin -L/usr/lib/gcc/x86_64-pc-linux-gnu/8.3.0 -L/usr/lib/gcc/x86_64-pc-linux-gnu/8.3.0/../../../../lib -L/lib/../lib -L/usr/lib/../lib -L/usr/lib/gcc/x86_64-pc-linux-gnu/8.3.0/../../.. CMakeFiles/cmTC_0f89c.dir/CMakeCXXCompilerABI.cpp.o -lstdc++ -lm -lgcc_s -lgcc -lc -lgcc_s -lgcc /usr/lib/gcc/x86_64-pc-linux-gnu/8.3.0/crtendS.o /usr/lib/gcc/x86_64-pc-linux-gnu/8.3.0/../../../../lib/crtn.o
COLLECT_GCC_OPTIONS='-B' '/usr/lib/hardening-wrapper/bin' '-fPIE' '-pie' '-fstack-check=specific' '-fstack-protector-strong' '-v' '-rdynamic' '-o' 'cmTC_0f89c' '-shared-libgcc' '-mtune=generic' '-march=x86-64'
make[1]: Leaving directory '/home/zyuiop/CLionProjects/ProceduralMapGeneration/cmake-build-debug/CMakeFiles/CMakeTmp'


Parsed CXX implicit include dir info from above output: rv=done
  found start of include info
  found start of implicit include info
    add: [/usr/lib/gcc/x86_64-pc-linux-gnu/8.3.0/../../../../include/c++/8.3.0]
    add: [/usr/lib/gcc/x86_64-pc-linux-gnu/8.3.0/../../../../include/c++/8.3.0/x86_64-pc-linux-gnu]
    add: [/usr/lib/gcc/x86_64-pc-linux-gnu/8.3.0/../../../../include/c++/8.3.0/backward]
    add: [/usr/lib/gcc/x86_64-pc-linux-gnu/8.3.0/include]
    add: [/usr/local/include]
    add: [/usr/lib/gcc/x86_64-pc-linux-gnu/8.3.0/include-fixed]
    add: [/usr/include]
  end of search list found
  collapse include dir [/usr/lib/gcc/x86_64-pc-linux-gnu/8.3.0/../../../../include/c++/8.3.0] ==> [/usr/include/c++/8.3.0]
  collapse include dir [/usr/lib/gcc/x86_64-pc-linux-gnu/8.3.0/../../../../include/c++/8.3.0/x86_64-pc-linux-gnu] ==> [/usr/include/c++/8.3.0/x86_64-pc-linux-gnu]
  collapse include dir [/usr/lib/gcc/x86_64-pc-linux-gnu/8.3.0/../../../../include/c++/8.3.0/backward] ==> [/usr/include/c++/8.3.0/backward]
  collapse include dir [/usr/lib/gcc/x86_64-pc-linux-gnu/8.3.0/include] ==> [/usr/lib/gcc/x86_64-pc-linux-gnu/8.3.0/include]
  collapse include dir [/usr/local/include] ==> [/usr/local/include]
  collapse include dir [/usr/lib/gcc/x86_64-pc-linux-gnu/8.3.0/include-fixed] ==> [/usr/lib/gcc/x86_64-pc-linux-gnu/8.3.0/include-fixed]
  collapse include dir [/usr/include] ==> [/usr/include]
  implicit include dirs: [/usr/include/c++/8.3.0;/usr/include/c++/8.3.0/x86_64-pc-linux-gnu;/usr/include/c++/8.3.0/backward;/usr/lib/gcc/x86_64-pc-linux-gnu/8.3.0/include;/usr/local/include;/usr/lib/gcc/x86_64-pc-linux-gnu/8.3.0/include-fixed;/usr/include]


Parsed CXX implicit link information from above output:
  link line regex: [^( *|.*[/\])(ld|CMAKE_LINK_STARTFILE-NOTFOUND|([^/\]+-)?ld|collect2)[^/\]*( |$)]
  ignore line: [Change Dir: /home/zyuiop/CLionProjects/ProceduralMapGeneration/cmake-build-debug/CMakeFiles/CMakeTmp]
  ignore line: []
  ignore line: [Run Build Command(s):/bin/make cmTC_0f89c/fast ]
  ignore line: [/bin/make -f CMakeFiles/cmTC_0f89c.dir/build.make CMakeFiles/cmTC_0f89c.dir/build]
  ignore line: [make[1]: Entering directory '/home/zyuiop/CLionProjects/ProceduralMapGeneration/cmake-build-debug/CMakeFiles/CMakeTmp']
  ignore line: [Building CXX object CMakeFiles/cmTC_0f89c.dir/CMakeCXXCompilerABI.cpp.o]
  ignore line: [/usr/lib/hardening-wrapper/bin/c++    -v -o CMakeFiles/cmTC_0f89c.dir/CMakeCXXCompilerABI.cpp.o -c /home/zyuiop/.local/share/JetBrains/Toolbox/apps/CLion/ch-0/191.7141.37/bin/cmake/linux/share/cmake-3.14/Modules/CMakeCXXCompilerABI.cpp]
  ignore line: [Using built-in specs.]
  ignore line: [COLLECT_GCC=/bin/c++]
  ignore line: [Target: x86_64-pc-linux-gnu]
  ignore line: [Configured with: /build/gcc/src/gcc/configure --prefix=/usr --libdir=/usr/lib --libexecdir=/usr/lib --mandir=/usr/share/man --infodir=/usr/share/info --with-bugurl=https://bugs.archlinux.org/ --enable-languages=c,c++,ada,fortran,go,lto,objc,obj-c++ --enable-shared --enable-threads=posix --enable-libmpx --with-system-zlib --with-isl --enable-__cxa_atexit --disable-libunwind-exceptions --enable-clocale=gnu --disable-libstdcxx-pch --disable-libssp --enable-gnu-unique-object --enable-linker-build-id --enable-lto --enable-plugin --enable-install-libiberty --with-linker-hash-style=gnu --enable-gnu-indirect-function --enable-multilib --disable-werror --enable-checking=release --enable-default-pie --enable-default-ssp --enable-cet=auto]
  ignore line: [Thread model: posix]
  ignore line: [gcc version 8.3.0 (GCC) ]
  ignore line: [COLLECT_GCC_OPTIONS='-B' '/usr/lib/hardening-wrapper/bin' '-fPIE' '-fstack-check=specific' '-fstack-protector-strong' '-v' '-o' 'CMakeFiles/cmTC_0f89c.dir/CMakeCXXCompilerABI.cpp.o' '-c' '-shared-libgcc' '-mtune=generic' '-march=x86-64']
  ignore line: [ /usr/lib/gcc/x86_64-pc-linux-gnu/8.3.0/cc1plus -quiet -v -D_GNU_SOURCE /home/zyuiop/.local/share/JetBrains/Toolbox/apps/CLion/ch-0/191.7141.37/bin/cmake/linux/share/cmake-3.14/Modules/CMakeCXXCompilerABI.cpp -quiet -dumpbase CMakeCXXCompilerABI.cpp -mtune=generic -march=x86-64 -auxbase-strip CMakeFiles/cmTC_0f89c.dir/CMakeCXXCompilerABI.cpp.o -version -fPIE -fstack-check=specific -fstack-protector-strong -o /tmp/ccnW9PQZ.s]
  ignore line: [GNU C++14 (GCC) version 8.3.0 (x86_64-pc-linux-gnu)]
  ignore line: [	compiled by GNU C version 8.3.0, GMP version 6.1.2, MPFR version 4.0.2, MPC version 1.1.0, isl version isl-0.21-GMP]
  ignore line: []
  ignore line: [GGC heuristics: --param ggc-min-expand=100 --param ggc-min-heapsize=131072]
  ignore line: [ignoring nonexistent directory "/usr/lib/gcc/x86_64-pc-linux-gnu/8.3.0/../../../../x86_64-pc-linux-gnu/include"]
  ignore line: [#include "..." search starts here:]
  ignore line: [#include <...> search starts here:]
  ignore line: [ /usr/lib/gcc/x86_64-pc-linux-gnu/8.3.0/../../../../include/c++/8.3.0]
  ignore line: [ /usr/lib/gcc/x86_64-pc-linux-gnu/8.3.0/../../../../include/c++/8.3.0/x86_64-pc-linux-gnu]
  ignore line: [ /usr/lib/gcc/x86_64-pc-linux-gnu/8.3.0/../../../../include/c++/8.3.0/backward]
  ignore line: [ /usr/lib/gcc/x86_64-pc-linux-gnu/8.3.0/include]
  ignore line: [ /usr/local/include]
  ignore line: [ /usr/lib/gcc/x86_64-pc-linux-gnu/8.3.0/include-fixed]
  ignore line: [ /usr/include]
  ignore line: [End of search list.]
  ignore line: [GNU C++14 (GCC) version 8.3.0 (x86_64-pc-linux-gnu)]
  ignore line: [	compiled by GNU C version 8.3.0, GMP version 6.1.2, MPFR version 4.0.2, MPC version 1.1.0, isl version isl-0.21-GMP]
  ignore line: []
  ignore line: [GGC heuristics: --param ggc-min-expand=100 --param ggc-min-heapsize=131072]
  ignore line: [Compiler executable checksum: ed8750e1c68e1b18a3ec7b4c651e9b48]
  ignore line: [COLLECT_GCC_OPTIONS='-B' '/usr/lib/hardening-wrapper/bin' '-fPIE' '-fstack-check=specific' '-fstack-protector-strong' '-v' '-o' 'CMakeFiles/cmTC_0f89c.dir/CMakeCXXCompilerABI.cpp.o' '-c' '-shared-libgcc' '-mtune=generic' '-march=x86-64']
  ignore line: [ as -v --64 -o CMakeFiles/cmTC_0f89c.dir/CMakeCXXCompilerABI.cpp.o /tmp/ccnW9PQZ.s]
  ignore line: [GNU assembler version 2.32 (x86_64-pc-linux-gnu) using BFD version (GNU Binutils) 2.32]
  ignore line: [COMPILER_PATH=/usr/lib/hardening-wrapper/bin/:/usr/lib/gcc/x86_64-pc-linux-gnu/8.3.0/:/usr/lib/gcc/x86_64-pc-linux-gnu/8.3.0/:/usr/lib/gcc/x86_64-pc-linux-gnu/:/usr/lib/gcc/x86_64-pc-linux-gnu/8.3.0/:/usr/lib/gcc/x86_64-pc-linux-gnu/]
  ignore line: [LIBRARY_PATH=/usr/lib/hardening-wrapper/bin/:/usr/lib/gcc/x86_64-pc-linux-gnu/8.3.0/:/usr/lib/gcc/x86_64-pc-linux-gnu/8.3.0/../../../../lib/:/lib/../lib/:/usr/lib/../lib/:/usr/lib/gcc/x86_64-pc-linux-gnu/8.3.0/../../../:/lib/:/usr/lib/]
  ignore line: [COLLECT_GCC_OPTIONS='-B' '/usr/lib/hardening-wrapper/bin' '-fPIE' '-fstack-check=specific' '-fstack-protector-strong' '-v' '-o' 'CMakeFiles/cmTC_0f89c.dir/CMakeCXXCompilerABI.cpp.o' '-c' '-shared-libgcc' '-mtune=generic' '-march=x86-64']
  ignore line: [Linking CXX executable cmTC_0f89c]
  ignore line: [/home/zyuiop/.local/share/JetBrains/Toolbox/apps/CLion/ch-0/191.7141.37/bin/cmake/linux/bin/cmake -E cmake_link_script CMakeFiles/cmTC_0f89c.dir/link.txt --verbose=1]
  ignore line: [/usr/lib/hardening-wrapper/bin/c++      -v -rdynamic CMakeFiles/cmTC_0f89c.dir/CMakeCXXCompilerABI.cpp.o  -o cmTC_0f89c ]
  ignore line: [Using built-in specs.]
  ignore line: [COLLECT_GCC=/bin/c++]
  ignore line: [COLLECT_LTO_WRAPPER=/usr/lib/gcc/x86_64-pc-linux-gnu/8.3.0/lto-wrapper]
  ignore line: [Target: x86_64-pc-linux-gnu]
  ignore line: [Configured with: /build/gcc/src/gcc/configure --prefix=/usr --libdir=/usr/lib --libexecdir=/usr/lib --mandir=/usr/share/man --infodir=/usr/share/info --with-bugurl=https://bugs.archlinux.org/ --enable-languages=c,c++,ada,fortran,go,lto,objc,obj-c++ --enable-shared --enable-threads=posix --enable-libmpx --with-system-zlib --with-isl --enable-__cxa_atexit --disable-libunwind-exceptions --enable-clocale=gnu --disable-libstdcxx-pch --disable-libssp --enable-gnu-unique-object --enable-linker-build-id --enable-lto --enable-plugin --enable-install-libiberty --with-linker-hash-style=gnu --enable-gnu-indirect-function --enable-multilib --disable-werror --enable-checking=release --enable-default-pie --enable-default-ssp --enable-cet=auto]
  ignore line: [Thread model: posix]
  ignore line: [gcc version 8.3.0 (GCC) ]
  ignore line: [COMPILER_PATH=/usr/lib/hardening-wrapper/bin/:/usr/lib/gcc/x86_64-pc-linux-gnu/8.3.0/:/usr/lib/gcc/x86_64-pc-linux-gnu/8.3.0/:/usr/lib/gcc/x86_64-pc-linux-gnu/:/usr/lib/gcc/x86_64-pc-linux-gnu/8.3.0/:/usr/lib/gcc/x86_64-pc-linux-gnu/]
  ignore line: [LIBRARY_PATH=/usr/lib/hardening-wrapper/bin/:/usr/lib/gcc/x86_64-pc-linux-gnu/8.3.0/:/usr/lib/gcc/x86_64-pc-linux-gnu/8.3.0/../../../../lib/:/lib/../lib/:/usr/lib/../lib/:/usr/lib/gcc/x86_64-pc-linux-gnu/8.3.0/../../../:/lib/:/usr/lib/]
  ignore line: [COLLECT_GCC_OPTIONS='-B' '/usr/lib/hardening-wrapper/bin' '-fPIE' '-pie' '-fstack-check=specific' '-fstack-protector-strong' '-v' '-rdynamic' '-o' 'cmTC_0f89c' '-shared-libgcc' '-mtune=generic' '-march=x86-64']
  link line: [ /usr/lib/gcc/x86_64-pc-linux-gnu/8.3.0/collect2 -plugin /usr/lib/gcc/x86_64-pc-linux-gnu/8.3.0/liblto_plugin.so -plugin-opt=/usr/lib/gcc/x86_64-pc-linux-gnu/8.3.0/lto-wrapper -plugin-opt=-fresolution=/tmp/ccDpdqf6.res -plugin-opt=-pass-through=-lgcc_s -plugin-opt=-pass-through=-lgcc -plugin-opt=-pass-through=-lc -plugin-opt=-pass-through=-lgcc_s -plugin-opt=-pass-through=-lgcc --build-id --eh-frame-hdr --hash-style=gnu -m elf_x86_64 -export-dynamic -dynamic-linker /lib64/ld-linux-x86-64.so.2 -pie -o cmTC_0f89c /usr/lib/gcc/x86_64-pc-linux-gnu/8.3.0/../../../../lib/Scrt1.o /usr/lib/gcc/x86_64-pc-linux-gnu/8.3.0/../../../../lib/crti.o /usr/lib/gcc/x86_64-pc-linux-gnu/8.3.0/crtbeginS.o -L/usr/lib/hardening-wrapper/bin -L/usr/lib/gcc/x86_64-pc-linux-gnu/8.3.0 -L/usr/lib/gcc/x86_64-pc-linux-gnu/8.3.0/../../../../lib -L/lib/../lib -L/usr/lib/../lib -L/usr/lib/gcc/x86_64-pc-linux-gnu/8.3.0/../../.. CMakeFiles/cmTC_0f89c.dir/CMakeCXXCompilerABI.cpp.o -lstdc++ -lm -lgcc_s -lgcc -lc -lgcc_s -lgcc /usr/lib/gcc/x86_64-pc-linux-gnu/8.3.0/crtendS.o /usr/lib/gcc/x86_64-pc-linux-gnu/8.3.0/../../../../lib/crtn.o]
    arg [/usr/lib/gcc/x86_64-pc-linux-gnu/8.3.0/collect2] ==> ignore
    arg [-plugin] ==> ignore
    arg [/usr/lib/gcc/x86_64-pc-linux-gnu/8.3.0/liblto_plugin.so] ==> ignore
    arg [-plugin-opt=/usr/lib/gcc/x86_64-pc-linux-gnu/8.3.0/lto-wrapper] ==> ignore
    arg [-plugin-opt=-fresolution=/tmp/ccDpdqf6.res] ==> ignore
    arg [-plugin-opt=-pass-through=-lgcc_s] ==> ignore
    arg [-plugin-opt=-pass-through=-lgcc] ==> ignore
    arg [-plugin-opt=-pass-through=-lc] ==> ignore
    arg [-plugin-opt=-pass-through=-lgcc_s] ==> ignore
    arg [-plugin-opt=-pass-through=-lgcc] ==> ignore
    arg [--build-id] ==> ignore
    arg [--eh-frame-hdr] ==> ignore
    arg [--hash-style=gnu] ==> ignore
    arg [-m] ==> ignore
    arg [elf_x86_64] ==> ignore
    arg [-export-dynamic] ==> ignore
    arg [-dynamic-linker] ==> ignore
    arg [/lib64/ld-linux-x86-64.so.2] ==> ignore
    arg [-pie] ==> ignore
    arg [-o] ==> ignore
    arg [cmTC_0f89c] ==> ignore
    arg [/usr/lib/gcc/x86_64-pc-linux-gnu/8.3.0/../../../../lib/Scrt1.o] ==> ignore
    arg [/usr/lib/gcc/x86_64-pc-linux-gnu/8.3.0/../../../../lib/crti.o] ==> ignore
    arg [/usr/lib/gcc/x86_64-pc-linux-gnu/8.3.0/crtbeginS.o] ==> ignore
    arg [-L/usr/lib/hardening-wrapper/bin] ==> dir [/usr/lib/hardening-wrapper/bin]
    arg [-L/usr/lib/gcc/x86_64-pc-linux-gnu/8.3.0] ==> dir [/usr/lib/gcc/x86_64-pc-linux-gnu/8.3.0]
    arg [-L/usr/lib/gcc/x86_64-pc-linux-gnu/8.3.0/../../../../lib] ==> dir [/usr/lib/gcc/x86_64-pc-linux-gnu/8.3.0/../../../../lib]
    arg [-L/lib/../lib] ==> dir [/lib/../lib]
    arg [-L/usr/lib/../lib] ==> dir [/usr/lib/../lib]
    arg [-L/usr/lib/gcc/x86_64-pc-linux-gnu/8.3.0/../../..] ==> dir [/usr/lib/gcc/x86_64-pc-linux-gnu/8.3.0/../../..]
    arg [CMakeFiles/cmTC_0f89c.dir/CMakeCXXCompilerABI.cpp.o] ==> ignore
    arg [-lstdc++] ==> lib [stdc++]
    arg [-lm] ==> lib [m]
    arg [-lgcc_s] ==> lib [gcc_s]
    arg [-lgcc] ==> lib [gcc]
    arg [-lc] ==> lib [c]
    arg [-lgcc_s] ==> lib [gcc_s]
    arg [-lgcc] ==> lib [gcc]
    arg [/usr/lib/gcc/x86_64-pc-linux-gnu/8.3.0/crtendS.o] ==> ignore
    arg [/usr/lib/gcc/x86_64-pc-linux-gnu/8.3.0/../../../../lib/crtn.o] ==> ignore
  collapse library dir [/usr/lib/hardening-wrapper/bin] ==> [/usr/lib/hardening-wrapper/bin]
  collapse library dir [/usr/lib/gcc/x86_64-pc-linux-gnu/8.3.0] ==> [/usr/lib/gcc/x86_64-pc-linux-gnu/8.3.0]
  collapse library dir [/usr/lib/gcc/x86_64-pc-linux-gnu/8.3.0/../../../../lib] ==> [/usr/lib]
  collapse library dir [/lib/../lib] ==> [/lib]
  collapse library dir [/usr/lib/../lib] ==> [/usr/lib]
  collapse library dir [/usr/lib/gcc/x86_64-pc-linux-gnu/8.3.0/../../..] ==> [/usr/lib]
  implicit libs: [stdc++;m;gcc_s;gcc;c;gcc_s;gcc]
  implicit dirs: [/usr/lib/hardening-wrapper/bin;/usr/lib/gcc/x86_64-pc-linux-gnu/8.3.0;/usr/lib;/lib]
  implicit fwks: []




Detecting CXX [-std=c++2a] compiler features compiled with the following output:
Change Dir: /home/zyuiop/CLionProjects/ProceduralMapGeneration/cmake-build-debug/CMakeFiles/CMakeTmp

Run Build Command(s):/bin/make cmTC_2d417/fast 
/bin/make -f CMakeFiles/cmTC_2d417.dir/build.make CMakeFiles/cmTC_2d417.dir/build
make[1] : on entre dans le répertoire « /home/zyuiop/CLionProjects/ProceduralMapGeneration/cmake-build-debug/CMakeFiles/CMakeTmp »
Building CXX object CMakeFiles/cmTC_2d417.dir/feature_tests.cxx.o
/usr/lib/hardening-wrapper/bin/c++    -std=c++2a -o CMakeFiles/cmTC_2d417.dir/feature_tests.cxx.o -c /home/zyuiop/CLionProjects/ProceduralMapGeneration/cmake-build-debug/CMakeFiles/feature_tests.cxx
Linking CXX executable cmTC_2d417
/home/zyuiop/.local/share/JetBrains/Toolbox/apps/CLion/ch-0/191.7141.37/bin/cmake/linux/bin/cmake -E cmake_link_script CMakeFiles/cmTC_2d417.dir/link.txt --verbose=1
/usr/lib/hardening-wrapper/bin/c++       -rdynamic CMakeFiles/cmTC_2d417.dir/feature_tests.cxx.o  -o cmTC_2d417 
make[1] : on quitte le répertoire « /home/zyuiop/CLionProjects/ProceduralMapGeneration/cmake-build-debug/CMakeFiles/CMakeTmp »


    Feature record: CXX_FEATURE:1cxx_aggregate_default_initializers
    Feature record: CXX_FEATURE:1cxx_alias_templates
    Feature record: CXX_FEATURE:1cxx_alignas
    Feature record: CXX_FEATURE:1cxx_alignof
    Feature record: CXX_FEATURE:1cxx_attributes
    Feature record: CXX_FEATURE:1cxx_attribute_deprecated
    Feature record: CXX_FEATURE:1cxx_auto_type
    Feature record: CXX_FEATURE:1cxx_binary_literals
    Feature record: CXX_FEATURE:1cxx_constexpr
    Feature record: CXX_FEATURE:1cxx_contextual_conversions
    Feature record: CXX_FEATURE:1cxx_decltype
    Feature record: CXX_FEATURE:1cxx_decltype_auto
    Feature record: CXX_FEATURE:1cxx_decltype_incomplete_return_types
    Feature record: CXX_FEATURE:1cxx_default_function_template_args
    Feature record: CXX_FEATURE:1cxx_defaulted_functions
    Feature record: CXX_FEATURE:1cxx_defaulted_move_initializers
    Feature record: CXX_FEATURE:1cxx_delegating_constructors
    Feature record: CXX_FEATURE:1cxx_deleted_functions
    Feature record: CXX_FEATURE:1cxx_digit_separators
    Feature record: CXX_FEATURE:1cxx_enum_forward_declarations
    Feature record: CXX_FEATURE:1cxx_explicit_conversions
    Feature record: CXX_FEATURE:1cxx_extended_friend_declarations
    Feature record: CXX_FEATURE:1cxx_extern_templates
    Feature record: CXX_FEATURE:1cxx_final
    Feature record: CXX_FEATURE:1cxx_func_identifier
    Feature record: CXX_FEATURE:1cxx_generalized_initializers
    Feature record: CXX_FEATURE:1cxx_generic_lambdas
    Feature record: CXX_FEATURE:1cxx_inheriting_constructors
    Feature record: CXX_FEATURE:1cxx_inline_namespaces
    Feature record: CXX_FEATURE:1cxx_lambdas
    Feature record: CXX_FEATURE:1cxx_lambda_init_captures
    Feature record: CXX_FEATURE:1cxx_local_type_template_args
    Feature record: CXX_FEATURE:1cxx_long_long_type
    Feature record: CXX_FEATURE:1cxx_noexcept
    Feature record: CXX_FEATURE:1cxx_nonstatic_member_init
    Feature record: CXX_FEATURE:1cxx_nullptr
    Feature record: CXX_FEATURE:1cxx_override
    Feature record: CXX_FEATURE:1cxx_range_for
    Feature record: CXX_FEATURE:1cxx_raw_string_literals
    Feature record: CXX_FEATURE:1cxx_reference_qualified_functions
    Feature record: CXX_FEATURE:1cxx_relaxed_constexpr
    Feature record: CXX_FEATURE:1cxx_return_type_deduction
    Feature record: CXX_FEATURE:1cxx_right_angle_brackets
    Feature record: CXX_FEATURE:1cxx_rvalue_references
    Feature record: CXX_FEATURE:1cxx_sizeof_member
    Feature record: CXX_FEATURE:1cxx_static_assert
    Feature record: CXX_FEATURE:1cxx_strong_enums
    Feature record: CXX_FEATURE:1cxx_template_template_parameters
    Feature record: CXX_FEATURE:1cxx_thread_local
    Feature record: CXX_FEATURE:1cxx_trailing_return_types
    Feature record: CXX_FEATURE:1cxx_unicode_literals
    Feature record: CXX_FEATURE:1cxx_uniform_initialization
    Feature record: CXX_FEATURE:1cxx_unrestricted_unions
    Feature record: CXX_FEATURE:1cxx_user_literals
    Feature record: CXX_FEATURE:1cxx_variable_templates
    Feature record: CXX_FEATURE:1cxx_variadic_macros
    Feature record: CXX_FEATURE:1cxx_variadic_templates


Detecting CXX [-std=c++17] compiler features compiled with the following output:
Change Dir: /home/zyuiop/CLionProjects/ProceduralMapGeneration/cmake-build-debug/CMakeFiles/CMakeTmp

Run Build Command(s):/bin/make cmTC_4aac9/fast 
/bin/make -f CMakeFiles/cmTC_4aac9.dir/build.make CMakeFiles/cmTC_4aac9.dir/build
make[1] : on entre dans le répertoire « /home/zyuiop/CLionProjects/ProceduralMapGeneration/cmake-build-debug/CMakeFiles/CMakeTmp »
Building CXX object CMakeFiles/cmTC_4aac9.dir/feature_tests.cxx.o
/usr/lib/hardening-wrapper/bin/c++    -std=c++17 -o CMakeFiles/cmTC_4aac9.dir/feature_tests.cxx.o -c /home/zyuiop/CLionProjects/ProceduralMapGeneration/cmake-build-debug/CMakeFiles/feature_tests.cxx
Linking CXX executable cmTC_4aac9
/home/zyuiop/.local/share/JetBrains/Toolbox/apps/CLion/ch-0/191.7141.37/bin/cmake/linux/bin/cmake -E cmake_link_script CMakeFiles/cmTC_4aac9.dir/link.txt --verbose=1
/usr/lib/hardening-wrapper/bin/c++       -rdynamic CMakeFiles/cmTC_4aac9.dir/feature_tests.cxx.o  -o cmTC_4aac9 
make[1] : on quitte le répertoire « /home/zyuiop/CLionProjects/ProceduralMapGeneration/cmake-build-debug/CMakeFiles/CMakeTmp »


    Feature record: CXX_FEATURE:1cxx_aggregate_default_initializers
    Feature record: CXX_FEATURE:1cxx_alias_templates
    Feature record: CXX_FEATURE:1cxx_alignas
    Feature record: CXX_FEATURE:1cxx_alignof
    Feature record: CXX_FEATURE:1cxx_attributes
    Feature record: CXX_FEATURE:1cxx_attribute_deprecated
    Feature record: CXX_FEATURE:1cxx_auto_type
    Feature record: CXX_FEATURE:1cxx_binary_literals
    Feature record: CXX_FEATURE:1cxx_constexpr
    Feature record: CXX_FEATURE:1cxx_contextual_conversions
    Feature record: CXX_FEATURE:1cxx_decltype
    Feature record: CXX_FEATURE:1cxx_decltype_auto
    Feature record: CXX_FEATURE:1cxx_decltype_incomplete_return_types
    Feature record: CXX_FEATURE:1cxx_default_function_template_args
    Feature record: CXX_FEATURE:1cxx_defaulted_functions
    Feature record: CXX_FEATURE:1cxx_defaulted_move_initializers
    Feature record: CXX_FEATURE:1cxx_delegating_constructors
    Feature record: CXX_FEATURE:1cxx_deleted_functions
    Feature record: CXX_FEATURE:1cxx_digit_separators
    Feature record: CXX_FEATURE:1cxx_enum_forward_declarations
    Feature record: CXX_FEATURE:1cxx_explicit_conversions
    Feature record: CXX_FEATURE:1cxx_extended_friend_declarations
    Feature record: CXX_FEATURE:1cxx_extern_templates
    Feature record: CXX_FEATURE:1cxx_final
    Feature record: CXX_FEATURE:1cxx_func_identifier
    Feature record: CXX_FEATURE:1cxx_generalized_initializers
    Feature record: CXX_FEATURE:1cxx_generic_lambdas
    Feature record: CXX_FEATURE:1cxx_inheriting_constructors
    Feature record: CXX_FEATURE:1cxx_inline_namespaces
    Feature record: CXX_FEATURE:1cxx_lambdas
    Feature record: CXX_FEATURE:1cxx_lambda_init_captures
    Feature record: CXX_FEATURE:1cxx_local_type_template_args
    Feature record: CXX_FEATURE:1cxx_long_long_type
    Feature record: CXX_FEATURE:1cxx_noexcept
    Feature record: CXX_FEATURE:1cxx_nonstatic_member_init
    Feature record: CXX_FEATURE:1cxx_nullptr
    Feature record: CXX_FEATURE:1cxx_override
    Feature record: CXX_FEATURE:1cxx_range_for
    Feature record: CXX_FEATURE:1cxx_raw_string_literals
    Feature record: CXX_FEATURE:1cxx_reference_qualified_functions
    Feature record: CXX_FEATURE:1cxx_relaxed_constexpr
    Feature record: CXX_FEATURE:1cxx_return_type_deduction
    Feature record: CXX_FEATURE:1cxx_right_angle_brackets
    Feature record: CXX_FEATURE:1cxx_rvalue_references
    Feature record: CXX_FEATURE:1cxx_sizeof_member
    Feature record: CXX_FEATURE:1cxx_static_assert
    Feature record: CXX_FEATURE:1cxx_strong_enums
    Feature record: CXX_FEATURE:1cxx_template_template_parameters
    Feature record: CXX_FEATURE:1cxx_thread_local
    Feature record: CXX_FEATURE:1cxx_trailing_return_types
    Feature record: CXX_FEATURE:1cxx_unicode_literals
    Feature record: CXX_FEATURE:1cxx_uniform_initialization
    Feature record: CXX_FEATURE:1cxx_unrestricted_unions
    Feature record: CXX_FEATURE:1cxx_user_literals
    Feature record: CXX_FEATURE:1cxx_variable_templates
    Feature record: CXX_FEATURE:1cxx_variadic_macros
    Feature record: CXX_FEATURE:1cxx_variadic_templates


Detecting CXX [-std=c++14] compiler features compiled with the following output:
Change Dir: /home/zyuiop/CLionProjects/ProceduralMapGeneration/cmake-build-debug/CMakeFiles/CMakeTmp

Run Build Command(s):/bin/make cmTC_77b11/fast 
/bin/make -f CMakeFiles/cmTC_77b11.dir/build.make CMakeFiles/cmTC_77b11.dir/build
make[1] : on entre dans le répertoire « /home/zyuiop/CLionProjects/ProceduralMapGeneration/cmake-build-debug/CMakeFiles/CMakeTmp »
Building CXX object CMakeFiles/cmTC_77b11.dir/feature_tests.cxx.o
/usr/lib/hardening-wrapper/bin/c++    -std=c++14 -o CMakeFiles/cmTC_77b11.dir/feature_tests.cxx.o -c /home/zyuiop/CLionProjects/ProceduralMapGeneration/cmake-build-debug/CMakeFiles/feature_tests.cxx
Linking CXX executable cmTC_77b11
/home/zyuiop/.local/share/JetBrains/Toolbox/apps/CLion/ch-0/191.7141.37/bin/cmake/linux/bin/cmake -E cmake_link_script CMakeFiles/cmTC_77b11.dir/link.txt --verbose=1
/usr/lib/hardening-wrapper/bin/c++       -rdynamic CMakeFiles/cmTC_77b11.dir/feature_tests.cxx.o  -o cmTC_77b11 
make[1] : on quitte le répertoire « /home/zyuiop/CLionProjects/ProceduralMapGeneration/cmake-build-debug/CMakeFiles/CMakeTmp »


    Feature record: CXX_FEATURE:1cxx_aggregate_default_initializers
    Feature record: CXX_FEATURE:1cxx_alias_templates
    Feature record: CXX_FEATURE:1cxx_alignas
    Feature record: CXX_FEATURE:1cxx_alignof
    Feature record: CXX_FEATURE:1cxx_attributes
    Feature record: CXX_FEATURE:1cxx_attribute_deprecated
    Feature record: CXX_FEATURE:1cxx_auto_type
    Feature record: CXX_FEATURE:1cxx_binary_literals
    Feature record: CXX_FEATURE:1cxx_constexpr
    Feature record: CXX_FEATURE:1cxx_contextual_conversions
    Feature record: CXX_FEATURE:1cxx_decltype
    Feature record: CXX_FEATURE:1cxx_decltype_auto
    Feature record: CXX_FEATURE:1cxx_decltype_incomplete_return_types
    Feature record: CXX_FEATURE:1cxx_default_function_template_args
    Feature record: CXX_FEATURE:1cxx_defaulted_functions
    Feature record: CXX_FEATURE:1cxx_defaulted_move_initializers
    Feature record: CXX_FEATURE:1cxx_delegating_constructors
    Feature record: CXX_FEATURE:1cxx_deleted_functions
    Feature record: CXX_FEATURE:1cxx_digit_separators
    Feature record: CXX_FEATURE:1cxx_enum_forward_declarations
    Feature record: CXX_FEATURE:1cxx_explicit_conversions
    Feature record: CXX_FEATURE:1cxx_extended_friend_declarations
    Feature record: CXX_FEATURE:1cxx_extern_templates
    Feature record: CXX_FEATURE:1cxx_final
    Feature record: CXX_FEATURE:1cxx_func_identifier
    Feature record: CXX_FEATURE:1cxx_generalized_initializers
    Feature record: CXX_FEATURE:1cxx_generic_lambdas
    Feature record: CXX_FEATURE:1cxx_inheriting_constructors
    Feature record: CXX_FEATURE:1cxx_inline_namespaces
    Feature record: CXX_FEATURE:1cxx_lambdas
    Feature record: CXX_FEATURE:1cxx_lambda_init_captures
    Feature record: CXX_FEATURE:1cxx_local_type_template_args
    Feature record: CXX_FEATURE:1cxx_long_long_type
    Feature record: CXX_FEATURE:1cxx_noexcept
    Feature record: CXX_FEATURE:1cxx_nonstatic_member_init
    Feature record: CXX_FEATURE:1cxx_nullptr
    Feature record: CXX_FEATURE:1cxx_override
    Feature record: CXX_FEATURE:1cxx_range_for
    Feature record: CXX_FEATURE:1cxx_raw_string_literals
    Feature record: CXX_FEATURE:1cxx_reference_qualified_functions
    Feature record: CXX_FEATURE:1cxx_relaxed_constexpr
    Feature record: CXX_FEATURE:1cxx_return_type_deduction
    Feature record: CXX_FEATURE:1cxx_right_angle_brackets
    Feature record: CXX_FEATURE:1cxx_rvalue_references
    Feature record: CXX_FEATURE:1cxx_sizeof_member
    Feature record: CXX_FEATURE:1cxx_static_assert
    Feature record: CXX_FEATURE:1cxx_strong_enums
    Feature record: CXX_FEATURE:1cxx_template_template_parameters
    Feature record: CXX_FEATURE:1cxx_thread_local
    Feature record: CXX_FEATURE:1cxx_trailing_return_types
    Feature record: CXX_FEATURE:1cxx_unicode_literals
    Feature record: CXX_FEATURE:1cxx_uniform_initialization
    Feature record: CXX_FEATURE:1cxx_unrestricted_unions
    Feature record: CXX_FEATURE:1cxx_user_literals
    Feature record: CXX_FEATURE:1cxx_variable_templates
    Feature record: CXX_FEATURE:1cxx_variadic_macros
    Feature record: CXX_FEATURE:1cxx_variadic_templates


Detecting CXX [-std=c++11] compiler features compiled with the following output:
Change Dir: /home/zyuiop/CLionProjects/ProceduralMapGeneration/cmake-build-debug/CMakeFiles/CMakeTmp

Run Build Command(s):/bin/make cmTC_ab67f/fast 
/bin/make -f CMakeFiles/cmTC_ab67f.dir/build.make CMakeFiles/cmTC_ab67f.dir/build
make[1] : on entre dans le répertoire « /home/zyuiop/CLionProjects/ProceduralMapGeneration/cmake-build-debug/CMakeFiles/CMakeTmp »
Building CXX object CMakeFiles/cmTC_ab67f.dir/feature_tests.cxx.o
/usr/lib/hardening-wrapper/bin/c++    -std=c++11 -o CMakeFiles/cmTC_ab67f.dir/feature_tests.cxx.o -c /home/zyuiop/CLionProjects/ProceduralMapGeneration/cmake-build-debug/CMakeFiles/feature_tests.cxx
Linking CXX executable cmTC_ab67f
/home/zyuiop/.local/share/JetBrains/Toolbox/apps/CLion/ch-0/191.7141.37/bin/cmake/linux/bin/cmake -E cmake_link_script CMakeFiles/cmTC_ab67f.dir/link.txt --verbose=1
/usr/lib/hardening-wrapper/bin/c++       -rdynamic CMakeFiles/cmTC_ab67f.dir/feature_tests.cxx.o  -o cmTC_ab67f 
make[1] : on quitte le répertoire « /home/zyuiop/CLionProjects/ProceduralMapGeneration/cmake-build-debug/CMakeFiles/CMakeTmp »


    Feature record: CXX_FEATURE:0cxx_aggregate_default_initializers
    Feature record: CXX_FEATURE:1cxx_alias_templates
    Feature record: CXX_FEATURE:1cxx_alignas
    Feature record: CXX_FEATURE:1cxx_alignof
    Feature record: CXX_FEATURE:1cxx_attributes
    Feature record: CXX_FEATURE:0cxx_attribute_deprecated
    Feature record: CXX_FEATURE:1cxx_auto_type
    Feature record: CXX_FEATURE:0cxx_binary_literals
    Feature record: CXX_FEATURE:1cxx_constexpr
    Feature record: CXX_FEATURE:0cxx_contextual_conversions
    Feature record: CXX_FEATURE:1cxx_decltype
    Feature record: CXX_FEATURE:0cxx_decltype_auto
    Feature record: CXX_FEATURE:1cxx_decltype_incomplete_return_types
    Feature record: CXX_FEATURE:1cxx_default_function_template_args
    Feature record: CXX_FEATURE:1cxx_defaulted_functions
    Feature record: CXX_FEATURE:1cxx_defaulted_move_initializers
    Feature record: CXX_FEATURE:1cxx_delegating_constructors
    Feature record: CXX_FEATURE:1cxx_deleted_functions
    Feature record: CXX_FEATURE:0cxx_digit_separators
    Feature record: CXX_FEATURE:1cxx_enum_forward_declarations
    Feature record: CXX_FEATURE:1cxx_explicit_conversions
    Feature record: CXX_FEATURE:1cxx_extended_friend_declarations
    Feature record: CXX_FEATURE:1cxx_extern_templates
    Feature record: CXX_FEATURE:1cxx_final
    Feature record: CXX_FEATURE:1cxx_func_identifier
    Feature record: CXX_FEATURE:1cxx_generalized_initializers
    Feature record: CXX_FEATURE:0cxx_generic_lambdas
    Feature record: CXX_FEATURE:1cxx_inheriting_constructors
    Feature record: CXX_FEATURE:1cxx_inline_namespaces
    Feature record: CXX_FEATURE:1cxx_lambdas
    Feature record: CXX_FEATURE:0cxx_lambda_init_captures
    Feature record: CXX_FEATURE:1cxx_local_type_template_args
    Feature record: CXX_FEATURE:1cxx_long_long_type
    Feature record: CXX_FEATURE:1cxx_noexcept
    Feature record: CXX_FEATURE:1cxx_nonstatic_member_init
    Feature record: CXX_FEATURE:1cxx_nullptr
    Feature record: CXX_FEATURE:1cxx_override
    Feature record: CXX_FEATURE:1cxx_range_for
    Feature record: CXX_FEATURE:1cxx_raw_string_literals
    Feature record: CXX_FEATURE:1cxx_reference_qualified_functions
    Feature record: CXX_FEATURE:0cxx_relaxed_constexpr
    Feature record: CXX_FEATURE:0cxx_return_type_deduction
    Feature record: CXX_FEATURE:1cxx_right_angle_brackets
    Feature record: CXX_FEATURE:1cxx_rvalue_references
    Feature record: CXX_FEATURE:1cxx_sizeof_member
    Feature record: CXX_FEATURE:1cxx_static_assert
    Feature record: CXX_FEATURE:1cxx_strong_enums
    Feature record: CXX_FEATURE:1cxx_template_template_parameters
    Feature record: CXX_FEATURE:1cxx_thread_local
    Feature record: CXX_FEATURE:1cxx_trailing_return_types
    Feature record: CXX_FEATURE:1cxx_unicode_literals
    Feature record: CXX_FEATURE:1cxx_uniform_initialization
    Feature record: CXX_FEATURE:1cxx_unrestricted_unions
    Feature record: CXX_FEATURE:1cxx_user_literals
    Feature record: CXX_FEATURE:0cxx_variable_templates
    Feature record: CXX_FEATURE:1cxx_variadic_macros
    Feature record: CXX_FEATURE:1cxx_variadic_templates


Detecting CXX [-std=c++98] compiler features compiled with the following output:
Change Dir: /home/zyuiop/CLionProjects/ProceduralMapGeneration/cmake-build-debug/CMakeFiles/CMakeTmp

Run Build Command(s):/bin/make cmTC_41c0e/fast 
/bin/make -f CMakeFiles/cmTC_41c0e.dir/build.make CMakeFiles/cmTC_41c0e.dir/build
make[1] : on entre dans le répertoire « /home/zyuiop/CLionProjects/ProceduralMapGeneration/cmake-build-debug/CMakeFiles/CMakeTmp »
Building CXX object CMakeFiles/cmTC_41c0e.dir/feature_tests.cxx.o
/usr/lib/hardening-wrapper/bin/c++    -std=c++98 -o CMakeFiles/cmTC_41c0e.dir/feature_tests.cxx.o -c /home/zyuiop/CLionProjects/ProceduralMapGeneration/cmake-build-debug/CMakeFiles/feature_tests.cxx
Linking CXX executable cmTC_41c0e
/home/zyuiop/.local/share/JetBrains/Toolbox/apps/CLion/ch-0/191.7141.37/bin/cmake/linux/bin/cmake -E cmake_link_script CMakeFiles/cmTC_41c0e.dir/link.txt --verbose=1
/usr/lib/hardening-wrapper/bin/c++       -rdynamic CMakeFiles/cmTC_41c0e.dir/feature_tests.cxx.o  -o cmTC_41c0e 
make[1] : on quitte le répertoire « /home/zyuiop/CLionProjects/ProceduralMapGeneration/cmake-build-debug/CMakeFiles/CMakeTmp »


    Feature record: CXX_FEATURE:0cxx_aggregate_default_initializers
    Feature record: CXX_FEATURE:0cxx_alias_templates
    Feature record: CXX_FEATURE:0cxx_alignas
    Feature record: CXX_FEATURE:0cxx_alignof
    Feature record: CXX_FEATURE:0cxx_attributes
    Feature record: CXX_FEATURE:0cxx_attribute_deprecated
    Feature record: CXX_FEATURE:0cxx_auto_type
    Feature record: CXX_FEATURE:0cxx_binary_literals
    Feature record: CXX_FEATURE:0cxx_constexpr
    Feature record: CXX_FEATURE:0cxx_contextual_conversions
    Feature record: CXX_FEATURE:0cxx_decltype
    Feature record: CXX_FEATURE:0cxx_decltype_auto
    Feature record: CXX_FEATURE:0cxx_decltype_incomplete_return_types
    Feature record: CXX_FEATURE:0cxx_default_function_template_args
    Feature record: CXX_FEATURE:0cxx_defaulted_functions
    Feature record: CXX_FEATURE:0cxx_defaulted_move_initializers
    Feature record: CXX_FEATURE:0cxx_delegating_constructors
    Feature record: CXX_FEATURE:0cxx_deleted_functions
    Feature record: CXX_FEATURE:0cxx_digit_separators
    Feature record: CXX_FEATURE:0cxx_enum_forward_declarations
    Feature record: CXX_FEATURE:0cxx_explicit_conversions
    Feature record: CXX_FEATURE:0cxx_extended_friend_declarations
    Feature record: CXX_FEATURE:0cxx_extern_templates
    Feature record: CXX_FEATURE:0cxx_final
    Feature record: CXX_FEATURE:0cxx_func_identifier
    Feature record: CXX_FEATURE:0cxx_generalized_initializers
    Feature record: CXX_FEATURE:0cxx_generic_lambdas
    Feature record: CXX_FEATURE:0cxx_inheriting_constructors
    Feature record: CXX_FEATURE:0cxx_inline_namespaces
    Feature record: CXX_FEATURE:0cxx_lambdas
    Feature record: CXX_FEATURE:0cxx_lambda_init_captures
    Feature record: CXX_FEATURE:0cxx_local_type_template_args
    Feature record: CXX_FEATURE:0cxx_long_long_type
    Feature record: CXX_FEATURE:0cxx_noexcept
    Feature record: CXX_FEATURE:0cxx_nonstatic_member_init
    Feature record: CXX_FEATURE:0cxx_nullptr
    Feature record: CXX_FEATURE:0cxx_override
    Feature record: CXX_FEATURE:0cxx_range_for
    Feature record: CXX_FEATURE:0cxx_raw_string_literals
    Feature record: CXX_FEATURE:0cxx_reference_qualified_functions
    Feature record: CXX_FEATURE:0cxx_relaxed_constexpr
    Feature record: CXX_FEATURE:0cxx_return_type_deduction
    Feature record: CXX_FEATURE:0cxx_right_angle_brackets
    Feature record: CXX_FEATURE:0cxx_rvalue_references
    Feature record: CXX_FEATURE:0cxx_sizeof_member
    Feature record: CXX_FEATURE:0cxx_static_assert
    Feature record: CXX_FEATURE:0cxx_strong_enums
    Feature record: CXX_FEATURE:1cxx_template_template_parameters
    Feature record: CXX_FEATURE:0cxx_thread_local
    Feature record: CXX_FEATURE:0cxx_trailing_return_types
    Feature record: CXX_FEATURE:0cxx_unicode_literals
    Feature record: CXX_FEATURE:0cxx_uniform_initialization
    Feature record: CXX_FEATURE:0cxx_unrestricted_unions
    Feature record: CXX_FEATURE:0cxx_user_literals
    Feature record: CXX_FEATURE:0cxx_variable_templates
    Feature record: CXX_FEATURE:0cxx_variadic_macros
    Feature record: CXX_FEATURE:0cxx_variadic_templates
Determining if the include file pthread.h exists passed with the following output:
Change Dir: /home/zyuiop/CLionProjects/ProceduralMapGeneration/cmake-build-debug/CMakeFiles/CMakeTmp

Run Build Command(s):/bin/make cmTC_b21ec/fast 
/bin/make -f CMakeFiles/cmTC_b21ec.dir/build.make CMakeFiles/cmTC_b21ec.dir/build
make[1] : on entre dans le répertoire « /home/zyuiop/CLionProjects/ProceduralMapGeneration/cmake-build-debug/CMakeFiles/CMakeTmp »
Building C object CMakeFiles/cmTC_b21ec.dir/CheckIncludeFile.c.o
/usr/lib/hardening-wrapper/bin/cc    -o CMakeFiles/cmTC_b21ec.dir/CheckIncludeFile.c.o   -c /home/zyuiop/CLionProjects/ProceduralMapGeneration/cmake-build-debug/CMakeFiles/CMakeTmp/CheckIncludeFile.c
Linking C executable cmTC_b21ec
/home/zyuiop/.local/share/JetBrains/Toolbox/apps/CLion/ch-0/191.7141.37/bin/cmake/linux/bin/cmake -E cmake_link_script CMakeFiles/cmTC_b21ec.dir/link.txt --verbose=1
/usr/lib/hardening-wrapper/bin/cc      -rdynamic CMakeFiles/cmTC_b21ec.dir/CheckIncludeFile.c.o  -o cmTC_b21ec 
make[1] : on quitte le répertoire « /home/zyuiop/CLionProjects/ProceduralMapGeneration/cmake-build-debug/CMakeFiles/CMakeTmp »


Determining if the function pthread_create exists in the pthread passed with the following output:
Change Dir: /home/zyuiop/CLionProjects/ProceduralMapGeneration/cmake-build-debug/CMakeFiles/CMakeTmp

Run Build Command(s):/bin/make cmTC_f2c62/fast 
/bin/make -f CMakeFiles/cmTC_f2c62.dir/build.make CMakeFiles/cmTC_f2c62.dir/build
make[1] : on entre dans le répertoire « /home/zyuiop/CLionProjects/ProceduralMapGeneration/cmake-build-debug/CMakeFiles/CMakeTmp »
Building C object CMakeFiles/cmTC_f2c62.dir/CheckFunctionExists.c.o
/usr/lib/hardening-wrapper/bin/cc   -DCHECK_FUNCTION_EXISTS=pthread_create   -o CMakeFiles/cmTC_f2c62.dir/CheckFunctionExists.c.o   -c /home/zyuiop/.local/share/JetBrains/Toolbox/apps/CLion/ch-0/191.7141.37/bin/cmake/linux/share/cmake-3.14/Modules/CheckFunctionExists.c
Linking C executable cmTC_f2c62
/home/zyuiop/.local/share/JetBrains/Toolbox/apps/CLion/ch-0/191.7141.37/bin/cmake/linux/bin/cmake -E cmake_link_script CMakeFiles/cmTC_f2c62.dir/link.txt --verbose=1
/usr/lib/hardening-wrapper/bin/cc  -DCHECK_FUNCTION_EXISTS=pthread_create    -rdynamic CMakeFiles/cmTC_f2c62.dir/CheckFunctionExists.c.o  -o cmTC_f2c62 -lpthread 
make[1] : on quitte le répertoire « /home/zyuiop/CLionProjects/ProceduralMapGeneration/cmake-build-debug/CMakeFiles/CMakeTmp »


Determining if the function XOpenDisplay exists in the /usr/lib/libX11.so;/usr/lib/libXext.so passed with the following output:
Change Dir: /home/zyuiop/CLionProjects/ProceduralMapGeneration/cmake-build-debug/CMakeFiles/CMakeTmp

Run Build Command(s):/bin/make cmTC_c0669/fast 
/bin/make -f CMakeFiles/cmTC_c0669.dir/build.make CMakeFiles/cmTC_c0669.dir/build
make[1] : on entre dans le répertoire « /home/zyuiop/CLionProjects/ProceduralMapGeneration/cmake-build-debug/CMakeFiles/CMakeTmp »
Building C object CMakeFiles/cmTC_c0669.dir/CheckFunctionExists.c.o
/usr/lib/hardening-wrapper/bin/cc   -DCHECK_FUNCTION_EXISTS=XOpenDisplay   -o CMakeFiles/cmTC_c0669.dir/CheckFunctionExists.c.o   -c /home/zyuiop/.local/share/JetBrains/Toolbox/apps/CLion/ch-0/191.7141.37/bin/cmake/linux/share/cmake-3.14/Modules/CheckFunctionExists.c
Linking C executable cmTC_c0669
/home/zyuiop/.local/share/JetBrains/Toolbox/apps/CLion/ch-0/191.7141.37/bin/cmake/linux/bin/cmake -E cmake_link_script CMakeFiles/cmTC_c0669.dir/link.txt --verbose=1
/usr/lib/hardening-wrapper/bin/cc  -DCHECK_FUNCTION_EXISTS=XOpenDisplay    -rdynamic CMakeFiles/cmTC_c0669.dir/CheckFunctionExists.c.o  -o cmTC_c0669 /usr/lib/libX11.so /usr/lib/libXext.so 
make[1] : on quitte le répertoire « /home/zyuiop/CLionProjects/ProceduralMapGeneration/cmake-build-debug/CMakeFiles/CMakeTmp »


Determining if the function gethostbyname exists passed with the following output:
Change Dir: /home/zyuiop/CLionProjects/ProceduralMapGeneration/cmake-build-debug/CMakeFiles/CMakeTmp

Run Build Command(s):/bin/make cmTC_c91a4/fast 
/bin/make -f CMakeFiles/cmTC_c91a4.dir/build.make CMakeFiles/cmTC_c91a4.dir/build
make[1] : on entre dans le répertoire « /home/zyuiop/CLionProjects/ProceduralMapGeneration/cmake-build-debug/CMakeFiles/CMakeTmp »
Building C object CMakeFiles/cmTC_c91a4.dir/CheckFunctionExists.c.o
/usr/lib/hardening-wrapper/bin/cc   -DCHECK_FUNCTION_EXISTS=gethostbyname   -o CMakeFiles/cmTC_c91a4.dir/CheckFunctionExists.c.o   -c /home/zyuiop/.local/share/JetBrains/Toolbox/apps/CLion/ch-0/191.7141.37/bin/cmake/linux/share/cmake-3.14/Modules/CheckFunctionExists.c
Linking C executable cmTC_c91a4
/home/zyuiop/.local/share/JetBrains/Toolbox/apps/CLion/ch-0/191.7141.37/bin/cmake/linux/bin/cmake -E cmake_link_script CMakeFiles/cmTC_c91a4.dir/link.txt --verbose=1
/usr/lib/hardening-wrapper/bin/cc  -DCHECK_FUNCTION_EXISTS=gethostbyname    -rdynamic CMakeFiles/cmTC_c91a4.dir/CheckFunctionExists.c.o  -o cmTC_c91a4 
make[1] : on quitte le répertoire « /home/zyuiop/CLionProjects/ProceduralMapGeneration/cmake-build-debug/CMakeFiles/CMakeTmp »


Determining if the function connect exists passed with the following output:
Change Dir: /home/zyuiop/CLionProjects/ProceduralMapGeneration/cmake-build-debug/CMakeFiles/CMakeTmp

Run Build Command(s):/bin/make cmTC_16433/fast 
/bin/make -f CMakeFiles/cmTC_16433.dir/build.make CMakeFiles/cmTC_16433.dir/build
make[1] : on entre dans le répertoire « /home/zyuiop/CLionProjects/ProceduralMapGeneration/cmake-build-debug/CMakeFiles/CMakeTmp »
Building C object CMakeFiles/cmTC_16433.dir/CheckFunctionExists.c.o
/usr/lib/hardening-wrapper/bin/cc   -DCHECK_FUNCTION_EXISTS=connect   -o CMakeFiles/cmTC_16433.dir/CheckFunctionExists.c.o   -c /home/zyuiop/.local/share/JetBrains/Toolbox/apps/CLion/ch-0/191.7141.37/bin/cmake/linux/share/cmake-3.14/Modules/CheckFunctionExists.c
Linking C executable cmTC_16433
/home/zyuiop/.local/share/JetBrains/Toolbox/apps/CLion/ch-0/191.7141.37/bin/cmake/linux/bin/cmake -E cmake_link_script CMakeFiles/cmTC_16433.dir/link.txt --verbose=1
/usr/lib/hardening-wrapper/bin/cc  -DCHECK_FUNCTION_EXISTS=connect    -rdynamic CMakeFiles/cmTC_16433.dir/CheckFunctionExists.c.o  -o cmTC_16433 
make[1] : on quitte le répertoire « /home/zyuiop/CLionProjects/ProceduralMapGeneration/cmake-build-debug/CMakeFiles/CMakeTmp »


Determining if the function remove exists passed with the following output:
Change Dir: /home/zyuiop/CLionProjects/ProceduralMapGeneration/cmake-build-debug/CMakeFiles/CMakeTmp

Run Build Command(s):/bin/make cmTC_05b98/fast 
/bin/make -f CMakeFiles/cmTC_05b98.dir/build.make CMakeFiles/cmTC_05b98.dir/build
make[1] : on entre dans le répertoire « /home/zyuiop/CLionProjects/ProceduralMapGeneration/cmake-build-debug/CMakeFiles/CMakeTmp »
Building C object CMakeFiles/cmTC_05b98.dir/CheckFunctionExists.c.o
/usr/lib/hardening-wrapper/bin/cc   -DCHECK_FUNCTION_EXISTS=remove   -o CMakeFiles/cmTC_05b98.dir/CheckFunctionExists.c.o   -c /home/zyuiop/.local/share/JetBrains/Toolbox/apps/CLion/ch-0/191.7141.37/bin/cmake/linux/share/cmake-3.14/Modules/CheckFunctionExists.c
Linking C executable cmTC_05b98
/home/zyuiop/.local/share/JetBrains/Toolbox/apps/CLion/ch-0/191.7141.37/bin/cmake/linux/bin/cmake -E cmake_link_script CMakeFiles/cmTC_05b98.dir/link.txt --verbose=1
/usr/lib/hardening-wrapper/bin/cc  -DCHECK_FUNCTION_EXISTS=remove    -rdynamic CMakeFiles/cmTC_05b98.dir/CheckFunctionExists.c.o  -o cmTC_05b98 
make[1] : on quitte le répertoire « /home/zyuiop/CLionProjects/ProceduralMapGeneration/cmake-build-debug/CMakeFiles/CMakeTmp »


Determining if the function shmat exists passed with the following output:
Change Dir: /home/zyuiop/CLionProjects/ProceduralMapGeneration/cmake-build-debug/CMakeFiles/CMakeTmp

Run Build Command(s):/bin/make cmTC_99c3a/fast 
/bin/make -f CMakeFiles/cmTC_99c3a.dir/build.make CMakeFiles/cmTC_99c3a.dir/build
make[1] : on entre dans le répertoire « /home/zyuiop/CLionProjects/ProceduralMapGeneration/cmake-build-debug/CMakeFiles/CMakeTmp »
Building C object CMakeFiles/cmTC_99c3a.dir/CheckFunctionExists.c.o
/usr/lib/hardening-wrapper/bin/cc   -DCHECK_FUNCTION_EXISTS=shmat   -o CMakeFiles/cmTC_99c3a.dir/CheckFunctionExists.c.o   -c /home/zyuiop/.local/share/JetBrains/Toolbox/apps/CLion/ch-0/191.7141.37/bin/cmake/linux/share/cmake-3.14/Modules/CheckFunctionExists.c
Linking C executable cmTC_99c3a
/home/zyuiop/.local/share/JetBrains/Toolbox/apps/CLion/ch-0/191.7141.37/bin/cmake/linux/bin/cmake -E cmake_link_script CMakeFiles/cmTC_99c3a.dir/link.txt --verbose=1
/usr/lib/hardening-wrapper/bin/cc  -DCHECK_FUNCTION_EXISTS=shmat    -rdynamic CMakeFiles/cmTC_99c3a.dir/CheckFunctionExists.c.o  -o cmTC_99c3a 
make[1] : on quitte le répertoire « /home/zyuiop/CLionProjects/ProceduralMapGeneration/cmake-build-debug/CMakeFiles/CMakeTmp »


Determining if the function IceConnectionNumber exists in the ICE passed with the following output:
Change Dir: /home/zyuiop/CLionProjects/ProceduralMapGeneration/cmake-build-debug/CMakeFiles/CMakeTmp

Run Build Command(s):/bin/make cmTC_e7792/fast 
/bin/make -f CMakeFiles/cmTC_e7792.dir/build.make CMakeFiles/cmTC_e7792.dir/build
make[1] : on entre dans le répertoire « /home/zyuiop/CLionProjects/ProceduralMapGeneration/cmake-build-debug/CMakeFiles/CMakeTmp »
Building C object CMakeFiles/cmTC_e7792.dir/CheckFunctionExists.c.o
/usr/lib/hardening-wrapper/bin/cc   -DCHECK_FUNCTION_EXISTS=IceConnectionNumber   -o CMakeFiles/cmTC_e7792.dir/CheckFunctionExists.c.o   -c /home/zyuiop/.local/share/JetBrains/Toolbox/apps/CLion/ch-0/191.7141.37/bin/cmake/linux/share/cmake-3.14/Modules/CheckFunctionExists.c
Linking C executable cmTC_e7792
/home/zyuiop/.local/share/JetBrains/Toolbox/apps/CLion/ch-0/191.7141.37/bin/cmake/linux/bin/cmake -E cmake_link_script CMakeFiles/cmTC_e7792.dir/link.txt --verbose=1
/usr/lib/hardening-wrapper/bin/cc  -DCHECK_FUNCTION_EXISTS=IceConnectionNumber    -rdynamic CMakeFiles/cmTC_e7792.dir/CheckFunctionExists.c.o  -o cmTC_e7792 -lICE 
make[1] : on quitte le répertoire « /home/zyuiop/CLionProjects/ProceduralMapGeneration/cmake-build-debug/CMakeFiles/CMakeTmp »


